[INFO] Scanning for projects...
[INFO] 
[INFO] --------------------< com.dancodingbr:riskmanager >---------------------
[INFO] Building riskmanager 0.0.1-SNAPSHOT
[INFO] --------------------------------[ jar ]---------------------------------
[INFO] 
[INFO] --- maven-clean-plugin:3.2.0:clean (default-clean) @ riskmanager ---
[INFO] Deleting /Users/daniel/riskmanager/backend/riskmanager/target
[INFO] 
[INFO] --- maven-resources-plugin:3.2.0:resources (default-resources) @ riskmanager ---
[INFO] Using 'UTF-8' encoding to copy filtered resources.
[INFO] Using 'UTF-8' encoding to copy filtered properties files.
[INFO] Copying 6 resources
[INFO] 
[INFO] --- maven-compiler-plugin:3.10.1:compile (default-compile) @ riskmanager ---
[INFO] Changes detected - recompiling the module!
[INFO] Compiling 22 source files to /Users/daniel/riskmanager/backend/riskmanager/target/classes
[INFO] 
[INFO] --- maven-resources-plugin:3.2.0:testResources (default-testResources) @ riskmanager ---
[INFO] Using 'UTF-8' encoding to copy filtered resources.
[INFO] Using 'UTF-8' encoding to copy filtered properties files.
[INFO] Copying 4 resources
[INFO] 
[INFO] --- maven-compiler-plugin:3.10.1:testCompile (default-testCompile) @ riskmanager ---
[INFO] Changes detected - recompiling the module!
[INFO] Compiling 16 source files to /Users/daniel/riskmanager/backend/riskmanager/target/test-classes
[INFO] 
[INFO] --- maven-surefire-plugin:2.22.2:test (default-test) @ riskmanager ---
[INFO] 
[INFO] -------------------------------------------------------
[INFO]  T E S T S
[INFO] -------------------------------------------------------
19:53:38.474 [main] DEBUG org.springframework.test.context.junit4.SpringJUnit4ClassRunner - SpringJUnit4ClassRunner constructor called with [class com.dancodingbr.riskmanager.controllers.AnalyzingResultsControllerTest]
19:53:38.477 [main] DEBUG org.springframework.test.context.BootstrapUtils - Instantiating CacheAwareContextLoaderDelegate from class [org.springframework.test.context.cache.DefaultCacheAwareContextLoaderDelegate]
19:53:38.480 [main] DEBUG org.springframework.test.context.BootstrapUtils - Instantiating BootstrapContext using constructor [public org.springframework.test.context.support.DefaultBootstrapContext(java.lang.Class,org.springframework.test.context.CacheAwareContextLoaderDelegate)]
19:53:38.494 [main] DEBUG org.springframework.test.context.BootstrapUtils - Instantiating TestContextBootstrapper for test class [com.dancodingbr.riskmanager.controllers.AnalyzingResultsControllerTest] from class [org.springframework.boot.test.autoconfigure.web.servlet.WebMvcTestContextBootstrapper]
19:53:38.498 [main] INFO org.springframework.boot.test.autoconfigure.web.servlet.WebMvcTestContextBootstrapper - Neither @ContextConfiguration nor @ContextHierarchy found for test class [com.dancodingbr.riskmanager.controllers.AnalyzingResultsControllerTest], using SpringBootContextLoader
19:53:38.500 [main] DEBUG org.springframework.test.context.support.AbstractContextLoader - Did not detect default resource location for test class [com.dancodingbr.riskmanager.controllers.AnalyzingResultsControllerTest]: class path resource [com/dancodingbr/riskmanager/controllers/AnalyzingResultsControllerTest-context.xml] does not exist
19:53:38.500 [main] DEBUG org.springframework.test.context.support.AbstractContextLoader - Did not detect default resource location for test class [com.dancodingbr.riskmanager.controllers.AnalyzingResultsControllerTest]: class path resource [com/dancodingbr/riskmanager/controllers/AnalyzingResultsControllerTestContext.groovy] does not exist
19:53:38.500 [main] INFO org.springframework.test.context.support.AbstractContextLoader - Could not detect default resource locations for test class [com.dancodingbr.riskmanager.controllers.AnalyzingResultsControllerTest]: no resource found for suffixes {-context.xml, Context.groovy}.
19:53:38.500 [main] INFO org.springframework.test.context.support.AnnotationConfigContextLoaderUtils - Could not detect default configuration classes for test class [com.dancodingbr.riskmanager.controllers.AnalyzingResultsControllerTest]: AnalyzingResultsControllerTest does not declare any static, non-private, non-final, nested classes annotated with @Configuration.
19:53:38.529 [main] DEBUG org.springframework.test.context.support.ActiveProfilesUtils - Could not find an 'annotation declaring class' for annotation type [org.springframework.test.context.ActiveProfiles] and class [com.dancodingbr.riskmanager.controllers.AnalyzingResultsControllerTest]
19:53:38.558 [main] DEBUG org.springframework.context.annotation.ClassPathScanningCandidateComponentProvider - Identified candidate component class: file [/Users/daniel/riskmanager/backend/riskmanager/target/classes/com/dancodingbr/riskmanager/RiskmanagerApplication.class]
19:53:38.558 [main] INFO org.springframework.boot.test.context.SpringBootTestContextBootstrapper - Found @SpringBootConfiguration com.dancodingbr.riskmanager.RiskmanagerApplication for test class com.dancodingbr.riskmanager.controllers.AnalyzingResultsControllerTest
19:53:38.559 [main] DEBUG org.springframework.boot.test.autoconfigure.web.servlet.WebMvcTestContextBootstrapper - @TestExecutionListeners is not present for class [com.dancodingbr.riskmanager.controllers.AnalyzingResultsControllerTest]: using defaults.
19:53:38.559 [main] INFO org.springframework.boot.test.autoconfigure.web.servlet.WebMvcTestContextBootstrapper - Loaded default TestExecutionListener class names from location [META-INF/spring.factories]: [org.springframework.boot.test.mock.mockito.MockitoTestExecutionListener, org.springframework.boot.test.mock.mockito.ResetMocksTestExecutionListener, org.springframework.boot.test.autoconfigure.restdocs.RestDocsTestExecutionListener, org.springframework.boot.test.autoconfigure.web.client.MockRestServiceServerResetTestExecutionListener, org.springframework.boot.test.autoconfigure.web.servlet.MockMvcPrintOnlyOnFailureTestExecutionListener, org.springframework.boot.test.autoconfigure.web.servlet.WebDriverTestExecutionListener, org.springframework.boot.test.autoconfigure.webservices.client.MockWebServiceServerTestExecutionListener, org.springframework.test.context.web.ServletTestExecutionListener, org.springframework.test.context.support.DirtiesContextBeforeModesTestExecutionListener, org.springframework.test.context.event.ApplicationEventsTestExecutionListener, org.springframework.test.context.support.DependencyInjectionTestExecutionListener, org.springframework.test.context.support.DirtiesContextTestExecutionListener, org.springframework.test.context.transaction.TransactionalTestExecutionListener, org.springframework.test.context.jdbc.SqlScriptsTestExecutionListener, org.springframework.test.context.event.EventPublishingTestExecutionListener]
19:53:38.565 [main] INFO org.springframework.boot.test.autoconfigure.web.servlet.WebMvcTestContextBootstrapper - Using TestExecutionListeners: [org.springframework.test.context.web.ServletTestExecutionListener@5c1bd44c, org.springframework.test.context.support.DirtiesContextBeforeModesTestExecutionListener@9f46d94, org.springframework.test.context.event.ApplicationEventsTestExecutionListener@18cc679e, org.springframework.boot.test.mock.mockito.MockitoTestExecutionListener@2e77b8cf, org.springframework.boot.test.autoconfigure.SpringBootDependencyInjectionTestExecutionListener@2c4ca0f9, org.springframework.test.context.support.DirtiesContextTestExecutionListener@67ef029, org.springframework.test.context.transaction.TransactionalTestExecutionListener@7df587ef, org.springframework.test.context.jdbc.SqlScriptsTestExecutionListener@6e57e95e, org.springframework.test.context.event.EventPublishingTestExecutionListener@2755d705, org.springframework.boot.test.mock.mockito.ResetMocksTestExecutionListener@56db847e, org.springframework.boot.test.autoconfigure.restdocs.RestDocsTestExecutionListener@740abb5, org.springframework.boot.test.autoconfigure.web.client.MockRestServiceServerResetTestExecutionListener@560cbf1a, org.springframework.boot.test.autoconfigure.web.servlet.MockMvcPrintOnlyOnFailureTestExecutionListener@5fe8b721, org.springframework.boot.test.autoconfigure.web.servlet.WebDriverTestExecutionListener@551a20d6, org.springframework.boot.test.autoconfigure.webservices.client.MockWebServiceServerTestExecutionListener@578524c3]
19:53:38.565 [main] DEBUG org.springframework.test.annotation.ProfileValueUtils - Retrieved @ProfileValueSourceConfiguration [null] for test class [com.dancodingbr.riskmanager.controllers.AnalyzingResultsControllerTest]
19:53:38.566 [main] DEBUG org.springframework.test.annotation.ProfileValueUtils - Retrieved ProfileValueSource type [class org.springframework.test.annotation.SystemProfileValueSource] for class [com.dancodingbr.riskmanager.controllers.AnalyzingResultsControllerTest]
19:53:38.566 [main] DEBUG org.springframework.test.annotation.ProfileValueUtils - Retrieved @ProfileValueSourceConfiguration [null] for test class [com.dancodingbr.riskmanager.controllers.AnalyzingResultsControllerTest]
19:53:38.566 [main] DEBUG org.springframework.test.annotation.ProfileValueUtils - Retrieved ProfileValueSource type [class org.springframework.test.annotation.SystemProfileValueSource] for class [com.dancodingbr.riskmanager.controllers.AnalyzingResultsControllerTest]
19:53:38.566 [main] DEBUG org.springframework.test.annotation.ProfileValueUtils - Retrieved @ProfileValueSourceConfiguration [null] for test class [com.dancodingbr.riskmanager.controllers.AnalyzingResultsControllerTest]
19:53:38.566 [main] DEBUG org.springframework.test.annotation.ProfileValueUtils - Retrieved ProfileValueSource type [class org.springframework.test.annotation.SystemProfileValueSource] for class [com.dancodingbr.riskmanager.controllers.AnalyzingResultsControllerTest]
19:53:38.568 [main] DEBUG org.springframework.test.context.junit4.SpringJUnit4ClassRunner - SpringJUnit4ClassRunner constructor called with [class com.dancodingbr.riskmanager.controllers.ProblemsControllerTest]
19:53:38.569 [main] DEBUG org.springframework.test.context.BootstrapUtils - Instantiating CacheAwareContextLoaderDelegate from class [org.springframework.test.context.cache.DefaultCacheAwareContextLoaderDelegate]
19:53:38.569 [main] DEBUG org.springframework.test.context.BootstrapUtils - Instantiating BootstrapContext using constructor [public org.springframework.test.context.support.DefaultBootstrapContext(java.lang.Class,org.springframework.test.context.CacheAwareContextLoaderDelegate)]
19:53:38.569 [main] DEBUG org.springframework.test.context.BootstrapUtils - Instantiating TestContextBootstrapper for test class [com.dancodingbr.riskmanager.controllers.ProblemsControllerTest] from class [org.springframework.boot.test.autoconfigure.web.servlet.WebMvcTestContextBootstrapper]
19:53:38.569 [main] INFO org.springframework.boot.test.autoconfigure.web.servlet.WebMvcTestContextBootstrapper - Neither @ContextConfiguration nor @ContextHierarchy found for test class [com.dancodingbr.riskmanager.controllers.ProblemsControllerTest], using SpringBootContextLoader
19:53:38.569 [main] DEBUG org.springframework.test.context.support.AbstractContextLoader - Did not detect default resource location for test class [com.dancodingbr.riskmanager.controllers.ProblemsControllerTest]: class path resource [com/dancodingbr/riskmanager/controllers/ProblemsControllerTest-context.xml] does not exist
19:53:38.570 [main] DEBUG org.springframework.test.context.support.AbstractContextLoader - Did not detect default resource location for test class [com.dancodingbr.riskmanager.controllers.ProblemsControllerTest]: class path resource [com/dancodingbr/riskmanager/controllers/ProblemsControllerTestContext.groovy] does not exist
19:53:38.570 [main] INFO org.springframework.test.context.support.AbstractContextLoader - Could not detect default resource locations for test class [com.dancodingbr.riskmanager.controllers.ProblemsControllerTest]: no resource found for suffixes {-context.xml, Context.groovy}.
19:53:38.570 [main] INFO org.springframework.test.context.support.AnnotationConfigContextLoaderUtils - Could not detect default configuration classes for test class [com.dancodingbr.riskmanager.controllers.ProblemsControllerTest]: ProblemsControllerTest does not declare any static, non-private, non-final, nested classes annotated with @Configuration.
19:53:38.572 [main] DEBUG org.springframework.test.context.support.ActiveProfilesUtils - Could not find an 'annotation declaring class' for annotation type [org.springframework.test.context.ActiveProfiles] and class [com.dancodingbr.riskmanager.controllers.ProblemsControllerTest]
19:53:38.573 [main] INFO org.springframework.boot.test.context.SpringBootTestContextBootstrapper - Found @SpringBootConfiguration com.dancodingbr.riskmanager.RiskmanagerApplication for test class com.dancodingbr.riskmanager.controllers.ProblemsControllerTest
19:53:38.573 [main] DEBUG org.springframework.boot.test.autoconfigure.web.servlet.WebMvcTestContextBootstrapper - @TestExecutionListeners is not present for class [com.dancodingbr.riskmanager.controllers.ProblemsControllerTest]: using defaults.
19:53:38.573 [main] INFO org.springframework.boot.test.autoconfigure.web.servlet.WebMvcTestContextBootstrapper - Loaded default TestExecutionListener class names from location [META-INF/spring.factories]: [org.springframework.boot.test.mock.mockito.MockitoTestExecutionListener, org.springframework.boot.test.mock.mockito.ResetMocksTestExecutionListener, org.springframework.boot.test.autoconfigure.restdocs.RestDocsTestExecutionListener, org.springframework.boot.test.autoconfigure.web.client.MockRestServiceServerResetTestExecutionListener, org.springframework.boot.test.autoconfigure.web.servlet.MockMvcPrintOnlyOnFailureTestExecutionListener, org.springframework.boot.test.autoconfigure.web.servlet.WebDriverTestExecutionListener, org.springframework.boot.test.autoconfigure.webservices.client.MockWebServiceServerTestExecutionListener, org.springframework.test.context.web.ServletTestExecutionListener, org.springframework.test.context.support.DirtiesContextBeforeModesTestExecutionListener, org.springframework.test.context.event.ApplicationEventsTestExecutionListener, org.springframework.test.context.support.DependencyInjectionTestExecutionListener, org.springframework.test.context.support.DirtiesContextTestExecutionListener, org.springframework.test.context.transaction.TransactionalTestExecutionListener, org.springframework.test.context.jdbc.SqlScriptsTestExecutionListener, org.springframework.test.context.event.EventPublishingTestExecutionListener]
19:53:38.573 [main] INFO org.springframework.boot.test.autoconfigure.web.servlet.WebMvcTestContextBootstrapper - Using TestExecutionListeners: [org.springframework.test.context.web.ServletTestExecutionListener@544630b7, org.springframework.test.context.support.DirtiesContextBeforeModesTestExecutionListener@64f857e7, org.springframework.test.context.event.ApplicationEventsTestExecutionListener@1095f122, org.springframework.boot.test.mock.mockito.MockitoTestExecutionListener@58c540cf, org.springframework.boot.test.autoconfigure.SpringBootDependencyInjectionTestExecutionListener@3d6300e8, org.springframework.test.context.support.DirtiesContextTestExecutionListener@1b822fcc, org.springframework.test.context.transaction.TransactionalTestExecutionListener@24a1c17f, org.springframework.test.context.jdbc.SqlScriptsTestExecutionListener@56102e1c, org.springframework.test.context.event.EventPublishingTestExecutionListener@73511076, org.springframework.boot.test.mock.mockito.ResetMocksTestExecutionListener@7927bd9f, org.springframework.boot.test.autoconfigure.restdocs.RestDocsTestExecutionListener@532721fd, org.springframework.boot.test.autoconfigure.web.client.MockRestServiceServerResetTestExecutionListener@410954b, org.springframework.boot.test.autoconfigure.web.servlet.MockMvcPrintOnlyOnFailureTestExecutionListener@7fb9f71f, org.springframework.boot.test.autoconfigure.web.servlet.WebDriverTestExecutionListener@3b366632, org.springframework.boot.test.autoconfigure.webservices.client.MockWebServiceServerTestExecutionListener@51f49060]
19:53:38.573 [main] DEBUG org.springframework.test.annotation.ProfileValueUtils - Retrieved @ProfileValueSourceConfiguration [null] for test class [com.dancodingbr.riskmanager.controllers.ProblemsControllerTest]
19:53:38.573 [main] DEBUG org.springframework.test.annotation.ProfileValueUtils - Retrieved ProfileValueSource type [class org.springframework.test.annotation.SystemProfileValueSource] for class [com.dancodingbr.riskmanager.controllers.ProblemsControllerTest]
19:53:38.574 [main] DEBUG org.springframework.test.annotation.ProfileValueUtils - Retrieved @ProfileValueSourceConfiguration [null] for test class [com.dancodingbr.riskmanager.controllers.ProblemsControllerTest]
19:53:38.574 [main] DEBUG org.springframework.test.annotation.ProfileValueUtils - Retrieved ProfileValueSource type [class org.springframework.test.annotation.SystemProfileValueSource] for class [com.dancodingbr.riskmanager.controllers.ProblemsControllerTest]
19:53:38.574 [main] DEBUG org.springframework.test.annotation.ProfileValueUtils - Retrieved @ProfileValueSourceConfiguration [null] for test class [com.dancodingbr.riskmanager.controllers.ProblemsControllerTest]
19:53:38.574 [main] DEBUG org.springframework.test.annotation.ProfileValueUtils - Retrieved ProfileValueSource type [class org.springframework.test.annotation.SystemProfileValueSource] for class [com.dancodingbr.riskmanager.controllers.ProblemsControllerTest]
19:53:38.575 [main] DEBUG org.springframework.test.context.junit4.SpringJUnit4ClassRunner - SpringJUnit4ClassRunner constructor called with [class com.dancodingbr.riskmanager.controllers.ActionPlansControllerTest]
19:53:38.575 [main] DEBUG org.springframework.test.context.BootstrapUtils - Instantiating CacheAwareContextLoaderDelegate from class [org.springframework.test.context.cache.DefaultCacheAwareContextLoaderDelegate]
19:53:38.575 [main] DEBUG org.springframework.test.context.BootstrapUtils - Instantiating BootstrapContext using constructor [public org.springframework.test.context.support.DefaultBootstrapContext(java.lang.Class,org.springframework.test.context.CacheAwareContextLoaderDelegate)]
19:53:38.575 [main] DEBUG org.springframework.test.context.BootstrapUtils - Instantiating TestContextBootstrapper for test class [com.dancodingbr.riskmanager.controllers.ActionPlansControllerTest] from class [org.springframework.boot.test.autoconfigure.web.servlet.WebMvcTestContextBootstrapper]
19:53:38.575 [main] INFO org.springframework.boot.test.autoconfigure.web.servlet.WebMvcTestContextBootstrapper - Neither @ContextConfiguration nor @ContextHierarchy found for test class [com.dancodingbr.riskmanager.controllers.ActionPlansControllerTest], using SpringBootContextLoader
19:53:38.576 [main] DEBUG org.springframework.test.context.support.AbstractContextLoader - Did not detect default resource location for test class [com.dancodingbr.riskmanager.controllers.ActionPlansControllerTest]: class path resource [com/dancodingbr/riskmanager/controllers/ActionPlansControllerTest-context.xml] does not exist
19:53:38.576 [main] DEBUG org.springframework.test.context.support.AbstractContextLoader - Did not detect default resource location for test class [com.dancodingbr.riskmanager.controllers.ActionPlansControllerTest]: class path resource [com/dancodingbr/riskmanager/controllers/ActionPlansControllerTestContext.groovy] does not exist
19:53:38.576 [main] INFO org.springframework.test.context.support.AbstractContextLoader - Could not detect default resource locations for test class [com.dancodingbr.riskmanager.controllers.ActionPlansControllerTest]: no resource found for suffixes {-context.xml, Context.groovy}.
19:53:38.576 [main] INFO org.springframework.test.context.support.AnnotationConfigContextLoaderUtils - Could not detect default configuration classes for test class [com.dancodingbr.riskmanager.controllers.ActionPlansControllerTest]: ActionPlansControllerTest does not declare any static, non-private, non-final, nested classes annotated with @Configuration.
19:53:38.580 [main] DEBUG org.springframework.test.context.support.ActiveProfilesUtils - Could not find an 'annotation declaring class' for annotation type [org.springframework.test.context.ActiveProfiles] and class [com.dancodingbr.riskmanager.controllers.ActionPlansControllerTest]
19:53:38.580 [main] INFO org.springframework.boot.test.context.SpringBootTestContextBootstrapper - Found @SpringBootConfiguration com.dancodingbr.riskmanager.RiskmanagerApplication for test class com.dancodingbr.riskmanager.controllers.ActionPlansControllerTest
19:53:38.580 [main] DEBUG org.springframework.boot.test.autoconfigure.web.servlet.WebMvcTestContextBootstrapper - @TestExecutionListeners is not present for class [com.dancodingbr.riskmanager.controllers.ActionPlansControllerTest]: using defaults.
19:53:38.580 [main] INFO org.springframework.boot.test.autoconfigure.web.servlet.WebMvcTestContextBootstrapper - Loaded default TestExecutionListener class names from location [META-INF/spring.factories]: [org.springframework.boot.test.mock.mockito.MockitoTestExecutionListener, org.springframework.boot.test.mock.mockito.ResetMocksTestExecutionListener, org.springframework.boot.test.autoconfigure.restdocs.RestDocsTestExecutionListener, org.springframework.boot.test.autoconfigure.web.client.MockRestServiceServerResetTestExecutionListener, org.springframework.boot.test.autoconfigure.web.servlet.MockMvcPrintOnlyOnFailureTestExecutionListener, org.springframework.boot.test.autoconfigure.web.servlet.WebDriverTestExecutionListener, org.springframework.boot.test.autoconfigure.webservices.client.MockWebServiceServerTestExecutionListener, org.springframework.test.context.web.ServletTestExecutionListener, org.springframework.test.context.support.DirtiesContextBeforeModesTestExecutionListener, org.springframework.test.context.event.ApplicationEventsTestExecutionListener, org.springframework.test.context.support.DependencyInjectionTestExecutionListener, org.springframework.test.context.support.DirtiesContextTestExecutionListener, org.springframework.test.context.transaction.TransactionalTestExecutionListener, org.springframework.test.context.jdbc.SqlScriptsTestExecutionListener, org.springframework.test.context.event.EventPublishingTestExecutionListener]
19:53:38.581 [main] INFO org.springframework.boot.test.autoconfigure.web.servlet.WebMvcTestContextBootstrapper - Using TestExecutionListeners: [org.springframework.test.context.web.ServletTestExecutionListener@452e26d0, org.springframework.test.context.support.DirtiesContextBeforeModesTestExecutionListener@46ab18da, org.springframework.test.context.event.ApplicationEventsTestExecutionListener@790174f2, org.springframework.boot.test.mock.mockito.MockitoTestExecutionListener@42257bdd, org.springframework.boot.test.autoconfigure.SpringBootDependencyInjectionTestExecutionListener@7689ddef, org.springframework.test.context.support.DirtiesContextTestExecutionListener@687a762c, org.springframework.test.context.transaction.TransactionalTestExecutionListener@1a2e2935, org.springframework.test.context.jdbc.SqlScriptsTestExecutionListener@733c423e, org.springframework.test.context.event.EventPublishingTestExecutionListener@4b629f13, org.springframework.boot.test.mock.mockito.ResetMocksTestExecutionListener@70925b45, org.springframework.boot.test.autoconfigure.restdocs.RestDocsTestExecutionListener@1b9ea3e3, org.springframework.boot.test.autoconfigure.web.client.MockRestServiceServerResetTestExecutionListener@aa22f1c, org.springframework.boot.test.autoconfigure.web.servlet.MockMvcPrintOnlyOnFailureTestExecutionListener@55e7a35c, org.springframework.boot.test.autoconfigure.web.servlet.WebDriverTestExecutionListener@37cd92d6, org.springframework.boot.test.autoconfigure.webservices.client.MockWebServiceServerTestExecutionListener@5922ae77]
19:53:38.581 [main] DEBUG org.springframework.test.annotation.ProfileValueUtils - Retrieved @ProfileValueSourceConfiguration [null] for test class [com.dancodingbr.riskmanager.controllers.ActionPlansControllerTest]
19:53:38.581 [main] DEBUG org.springframework.test.annotation.ProfileValueUtils - Retrieved ProfileValueSource type [class org.springframework.test.annotation.SystemProfileValueSource] for class [com.dancodingbr.riskmanager.controllers.ActionPlansControllerTest]
19:53:38.581 [main] DEBUG org.springframework.test.annotation.ProfileValueUtils - Retrieved @ProfileValueSourceConfiguration [null] for test class [com.dancodingbr.riskmanager.controllers.ActionPlansControllerTest]
19:53:38.581 [main] DEBUG org.springframework.test.annotation.ProfileValueUtils - Retrieved ProfileValueSource type [class org.springframework.test.annotation.SystemProfileValueSource] for class [com.dancodingbr.riskmanager.controllers.ActionPlansControllerTest]
19:53:38.581 [main] DEBUG org.springframework.test.annotation.ProfileValueUtils - Retrieved @ProfileValueSourceConfiguration [null] for test class [com.dancodingbr.riskmanager.controllers.ActionPlansControllerTest]
19:53:38.581 [main] DEBUG org.springframework.test.annotation.ProfileValueUtils - Retrieved ProfileValueSource type [class org.springframework.test.annotation.SystemProfileValueSource] for class [com.dancodingbr.riskmanager.controllers.ActionPlansControllerTest]
19:53:38.598 [main] DEBUG org.springframework.test.context.junit4.SpringJUnit4ClassRunner - SpringJUnit4ClassRunner constructor called with [class com.dancodingbr.riskmanager.controllers.AnalyzingResultsControllerTest]
19:53:38.599 [main] DEBUG org.springframework.test.context.BootstrapUtils - Instantiating CacheAwareContextLoaderDelegate from class [org.springframework.test.context.cache.DefaultCacheAwareContextLoaderDelegate]
19:53:38.599 [main] DEBUG org.springframework.test.context.BootstrapUtils - Instantiating BootstrapContext using constructor [public org.springframework.test.context.support.DefaultBootstrapContext(java.lang.Class,org.springframework.test.context.CacheAwareContextLoaderDelegate)]
19:53:38.599 [main] DEBUG org.springframework.test.context.BootstrapUtils - Instantiating TestContextBootstrapper for test class [com.dancodingbr.riskmanager.controllers.AnalyzingResultsControllerTest] from class [org.springframework.boot.test.autoconfigure.web.servlet.WebMvcTestContextBootstrapper]
19:53:38.599 [main] INFO org.springframework.boot.test.autoconfigure.web.servlet.WebMvcTestContextBootstrapper - Neither @ContextConfiguration nor @ContextHierarchy found for test class [com.dancodingbr.riskmanager.controllers.AnalyzingResultsControllerTest], using SpringBootContextLoader
19:53:38.599 [main] DEBUG org.springframework.test.context.support.AbstractContextLoader - Did not detect default resource location for test class [com.dancodingbr.riskmanager.controllers.AnalyzingResultsControllerTest]: class path resource [com/dancodingbr/riskmanager/controllers/AnalyzingResultsControllerTest-context.xml] does not exist
19:53:38.599 [main] DEBUG org.springframework.test.context.support.AbstractContextLoader - Did not detect default resource location for test class [com.dancodingbr.riskmanager.controllers.AnalyzingResultsControllerTest]: class path resource [com/dancodingbr/riskmanager/controllers/AnalyzingResultsControllerTestContext.groovy] does not exist
19:53:38.599 [main] INFO org.springframework.test.context.support.AbstractContextLoader - Could not detect default resource locations for test class [com.dancodingbr.riskmanager.controllers.AnalyzingResultsControllerTest]: no resource found for suffixes {-context.xml, Context.groovy}.
19:53:38.599 [main] INFO org.springframework.test.context.support.AnnotationConfigContextLoaderUtils - Could not detect default configuration classes for test class [com.dancodingbr.riskmanager.controllers.AnalyzingResultsControllerTest]: AnalyzingResultsControllerTest does not declare any static, non-private, non-final, nested classes annotated with @Configuration.
19:53:38.601 [main] DEBUG org.springframework.test.context.support.ActiveProfilesUtils - Could not find an 'annotation declaring class' for annotation type [org.springframework.test.context.ActiveProfiles] and class [com.dancodingbr.riskmanager.controllers.AnalyzingResultsControllerTest]
19:53:38.602 [main] INFO org.springframework.boot.test.context.SpringBootTestContextBootstrapper - Found @SpringBootConfiguration com.dancodingbr.riskmanager.RiskmanagerApplication for test class com.dancodingbr.riskmanager.controllers.AnalyzingResultsControllerTest
19:53:38.602 [main] DEBUG org.springframework.boot.test.autoconfigure.web.servlet.WebMvcTestContextBootstrapper - @TestExecutionListeners is not present for class [com.dancodingbr.riskmanager.controllers.AnalyzingResultsControllerTest]: using defaults.
19:53:38.602 [main] INFO org.springframework.boot.test.autoconfigure.web.servlet.WebMvcTestContextBootstrapper - Loaded default TestExecutionListener class names from location [META-INF/spring.factories]: [org.springframework.boot.test.mock.mockito.MockitoTestExecutionListener, org.springframework.boot.test.mock.mockito.ResetMocksTestExecutionListener, org.springframework.boot.test.autoconfigure.restdocs.RestDocsTestExecutionListener, org.springframework.boot.test.autoconfigure.web.client.MockRestServiceServerResetTestExecutionListener, org.springframework.boot.test.autoconfigure.web.servlet.MockMvcPrintOnlyOnFailureTestExecutionListener, org.springframework.boot.test.autoconfigure.web.servlet.WebDriverTestExecutionListener, org.springframework.boot.test.autoconfigure.webservices.client.MockWebServiceServerTestExecutionListener, org.springframework.test.context.web.ServletTestExecutionListener, org.springframework.test.context.support.DirtiesContextBeforeModesTestExecutionListener, org.springframework.test.context.event.ApplicationEventsTestExecutionListener, org.springframework.test.context.support.DependencyInjectionTestExecutionListener, org.springframework.test.context.support.DirtiesContextTestExecutionListener, org.springframework.test.context.transaction.TransactionalTestExecutionListener, org.springframework.test.context.jdbc.SqlScriptsTestExecutionListener, org.springframework.test.context.event.EventPublishingTestExecutionListener]
19:53:38.602 [main] INFO org.springframework.boot.test.autoconfigure.web.servlet.WebMvcTestContextBootstrapper - Using TestExecutionListeners: [org.springframework.test.context.web.ServletTestExecutionListener@50305a, org.springframework.test.context.support.DirtiesContextBeforeModesTestExecutionListener@72efb5c1, org.springframework.test.context.event.ApplicationEventsTestExecutionListener@6d511b5f, org.springframework.boot.test.mock.mockito.MockitoTestExecutionListener@41200e0c, org.springframework.boot.test.autoconfigure.SpringBootDependencyInjectionTestExecutionListener@40f33492, org.springframework.test.context.support.DirtiesContextTestExecutionListener@4fbdc0f0, org.springframework.test.context.transaction.TransactionalTestExecutionListener@2ad3a1bb, org.springframework.test.context.jdbc.SqlScriptsTestExecutionListener@6bc28a83, org.springframework.test.context.event.EventPublishingTestExecutionListener@324c64cd, org.springframework.boot.test.mock.mockito.ResetMocksTestExecutionListener@13579834, org.springframework.boot.test.autoconfigure.restdocs.RestDocsTestExecutionListener@24be2d9c, org.springframework.boot.test.autoconfigure.web.client.MockRestServiceServerResetTestExecutionListener@5bd73d1a, org.springframework.boot.test.autoconfigure.web.servlet.MockMvcPrintOnlyOnFailureTestExecutionListener@aec50a1, org.springframework.boot.test.autoconfigure.web.servlet.WebDriverTestExecutionListener@2555fff0, org.springframework.boot.test.autoconfigure.webservices.client.MockWebServiceServerTestExecutionListener@70d2e40b]
19:53:38.602 [main] DEBUG org.springframework.test.annotation.ProfileValueUtils - Retrieved @ProfileValueSourceConfiguration [null] for test class [com.dancodingbr.riskmanager.controllers.AnalyzingResultsControllerTest]
19:53:38.602 [main] DEBUG org.springframework.test.annotation.ProfileValueUtils - Retrieved ProfileValueSource type [class org.springframework.test.annotation.SystemProfileValueSource] for class [com.dancodingbr.riskmanager.controllers.AnalyzingResultsControllerTest]
19:53:38.602 [main] DEBUG org.springframework.test.annotation.ProfileValueUtils - Retrieved @ProfileValueSourceConfiguration [null] for test class [com.dancodingbr.riskmanager.controllers.AnalyzingResultsControllerTest]
19:53:38.602 [main] DEBUG org.springframework.test.annotation.ProfileValueUtils - Retrieved ProfileValueSource type [class org.springframework.test.annotation.SystemProfileValueSource] for class [com.dancodingbr.riskmanager.controllers.AnalyzingResultsControllerTest]
19:53:38.602 [main] DEBUG org.springframework.test.annotation.ProfileValueUtils - Retrieved @ProfileValueSourceConfiguration [null] for test class [com.dancodingbr.riskmanager.controllers.AnalyzingResultsControllerTest]
19:53:38.602 [main] DEBUG org.springframework.test.annotation.ProfileValueUtils - Retrieved ProfileValueSource type [class org.springframework.test.annotation.SystemProfileValueSource] for class [com.dancodingbr.riskmanager.controllers.AnalyzingResultsControllerTest]
19:53:38.603 [main] DEBUG org.springframework.test.context.junit4.SpringJUnit4ClassRunner - SpringJUnit4ClassRunner constructor called with [class com.dancodingbr.riskmanager.controllers.ProblemsControllerTest]
19:53:38.603 [main] DEBUG org.springframework.test.context.BootstrapUtils - Instantiating CacheAwareContextLoaderDelegate from class [org.springframework.test.context.cache.DefaultCacheAwareContextLoaderDelegate]
19:53:38.603 [main] DEBUG org.springframework.test.context.BootstrapUtils - Instantiating BootstrapContext using constructor [public org.springframework.test.context.support.DefaultBootstrapContext(java.lang.Class,org.springframework.test.context.CacheAwareContextLoaderDelegate)]
19:53:38.603 [main] DEBUG org.springframework.test.context.BootstrapUtils - Instantiating TestContextBootstrapper for test class [com.dancodingbr.riskmanager.controllers.ProblemsControllerTest] from class [org.springframework.boot.test.autoconfigure.web.servlet.WebMvcTestContextBootstrapper]
19:53:38.603 [main] INFO org.springframework.boot.test.autoconfigure.web.servlet.WebMvcTestContextBootstrapper - Neither @ContextConfiguration nor @ContextHierarchy found for test class [com.dancodingbr.riskmanager.controllers.ProblemsControllerTest], using SpringBootContextLoader
19:53:38.603 [main] DEBUG org.springframework.test.context.support.AbstractContextLoader - Did not detect default resource location for test class [com.dancodingbr.riskmanager.controllers.ProblemsControllerTest]: class path resource [com/dancodingbr/riskmanager/controllers/ProblemsControllerTest-context.xml] does not exist
19:53:38.603 [main] DEBUG org.springframework.test.context.support.AbstractContextLoader - Did not detect default resource location for test class [com.dancodingbr.riskmanager.controllers.ProblemsControllerTest]: class path resource [com/dancodingbr/riskmanager/controllers/ProblemsControllerTestContext.groovy] does not exist
19:53:38.603 [main] INFO org.springframework.test.context.support.AbstractContextLoader - Could not detect default resource locations for test class [com.dancodingbr.riskmanager.controllers.ProblemsControllerTest]: no resource found for suffixes {-context.xml, Context.groovy}.
19:53:38.603 [main] INFO org.springframework.test.context.support.AnnotationConfigContextLoaderUtils - Could not detect default configuration classes for test class [com.dancodingbr.riskmanager.controllers.ProblemsControllerTest]: ProblemsControllerTest does not declare any static, non-private, non-final, nested classes annotated with @Configuration.
19:53:38.605 [main] DEBUG org.springframework.test.context.support.ActiveProfilesUtils - Could not find an 'annotation declaring class' for annotation type [org.springframework.test.context.ActiveProfiles] and class [com.dancodingbr.riskmanager.controllers.ProblemsControllerTest]
19:53:38.605 [main] INFO org.springframework.boot.test.context.SpringBootTestContextBootstrapper - Found @SpringBootConfiguration com.dancodingbr.riskmanager.RiskmanagerApplication for test class com.dancodingbr.riskmanager.controllers.ProblemsControllerTest
19:53:38.606 [main] DEBUG org.springframework.boot.test.autoconfigure.web.servlet.WebMvcTestContextBootstrapper - @TestExecutionListeners is not present for class [com.dancodingbr.riskmanager.controllers.ProblemsControllerTest]: using defaults.
19:53:38.606 [main] INFO org.springframework.boot.test.autoconfigure.web.servlet.WebMvcTestContextBootstrapper - Loaded default TestExecutionListener class names from location [META-INF/spring.factories]: [org.springframework.boot.test.mock.mockito.MockitoTestExecutionListener, org.springframework.boot.test.mock.mockito.ResetMocksTestExecutionListener, org.springframework.boot.test.autoconfigure.restdocs.RestDocsTestExecutionListener, org.springframework.boot.test.autoconfigure.web.client.MockRestServiceServerResetTestExecutionListener, org.springframework.boot.test.autoconfigure.web.servlet.MockMvcPrintOnlyOnFailureTestExecutionListener, org.springframework.boot.test.autoconfigure.web.servlet.WebDriverTestExecutionListener, org.springframework.boot.test.autoconfigure.webservices.client.MockWebServiceServerTestExecutionListener, org.springframework.test.context.web.ServletTestExecutionListener, org.springframework.test.context.support.DirtiesContextBeforeModesTestExecutionListener, org.springframework.test.context.event.ApplicationEventsTestExecutionListener, org.springframework.test.context.support.DependencyInjectionTestExecutionListener, org.springframework.test.context.support.DirtiesContextTestExecutionListener, org.springframework.test.context.transaction.TransactionalTestExecutionListener, org.springframework.test.context.jdbc.SqlScriptsTestExecutionListener, org.springframework.test.context.event.EventPublishingTestExecutionListener]
19:53:38.606 [main] INFO org.springframework.boot.test.autoconfigure.web.servlet.WebMvcTestContextBootstrapper - Using TestExecutionListeners: [org.springframework.test.context.web.ServletTestExecutionListener@71e9a896, org.springframework.test.context.support.DirtiesContextBeforeModesTestExecutionListener@6b9267b, org.springframework.test.context.event.ApplicationEventsTestExecutionListener@408b35bf, org.springframework.boot.test.mock.mockito.MockitoTestExecutionListener@29ad44e3, org.springframework.boot.test.autoconfigure.SpringBootDependencyInjectionTestExecutionListener@15bcf458, org.springframework.test.context.support.DirtiesContextTestExecutionListener@5af9926a, org.springframework.test.context.transaction.TransactionalTestExecutionListener@43c67247, org.springframework.test.context.jdbc.SqlScriptsTestExecutionListener@fac80, org.springframework.test.context.event.EventPublishingTestExecutionListener@726386ed, org.springframework.boot.test.mock.mockito.ResetMocksTestExecutionListener@649f2009, org.springframework.boot.test.autoconfigure.restdocs.RestDocsTestExecutionListener@14bb2297, org.springframework.boot.test.autoconfigure.web.client.MockRestServiceServerResetTestExecutionListener@69adf72c, org.springframework.boot.test.autoconfigure.web.servlet.MockMvcPrintOnlyOnFailureTestExecutionListener@797501a, org.springframework.boot.test.autoconfigure.web.servlet.WebDriverTestExecutionListener@1a15b789, org.springframework.boot.test.autoconfigure.webservices.client.MockWebServiceServerTestExecutionListener@57f791c6]
19:53:38.606 [main] DEBUG org.springframework.test.annotation.ProfileValueUtils - Retrieved @ProfileValueSourceConfiguration [null] for test class [com.dancodingbr.riskmanager.controllers.ProblemsControllerTest]
19:53:38.606 [main] DEBUG org.springframework.test.annotation.ProfileValueUtils - Retrieved ProfileValueSource type [class org.springframework.test.annotation.SystemProfileValueSource] for class [com.dancodingbr.riskmanager.controllers.ProblemsControllerTest]
19:53:38.606 [main] DEBUG org.springframework.test.annotation.ProfileValueUtils - Retrieved @ProfileValueSourceConfiguration [null] for test class [com.dancodingbr.riskmanager.controllers.ProblemsControllerTest]
19:53:38.606 [main] DEBUG org.springframework.test.annotation.ProfileValueUtils - Retrieved ProfileValueSource type [class org.springframework.test.annotation.SystemProfileValueSource] for class [com.dancodingbr.riskmanager.controllers.ProblemsControllerTest]
19:53:38.606 [main] DEBUG org.springframework.test.annotation.ProfileValueUtils - Retrieved @ProfileValueSourceConfiguration [null] for test class [com.dancodingbr.riskmanager.controllers.ProblemsControllerTest]
19:53:38.606 [main] DEBUG org.springframework.test.annotation.ProfileValueUtils - Retrieved ProfileValueSource type [class org.springframework.test.annotation.SystemProfileValueSource] for class [com.dancodingbr.riskmanager.controllers.ProblemsControllerTest]
19:53:38.606 [main] DEBUG org.springframework.test.context.junit4.SpringJUnit4ClassRunner - SpringJUnit4ClassRunner constructor called with [class com.dancodingbr.riskmanager.controllers.ActionPlansControllerTest]
19:53:38.606 [main] DEBUG org.springframework.test.context.BootstrapUtils - Instantiating CacheAwareContextLoaderDelegate from class [org.springframework.test.context.cache.DefaultCacheAwareContextLoaderDelegate]
19:53:38.606 [main] DEBUG org.springframework.test.context.BootstrapUtils - Instantiating BootstrapContext using constructor [public org.springframework.test.context.support.DefaultBootstrapContext(java.lang.Class,org.springframework.test.context.CacheAwareContextLoaderDelegate)]
19:53:38.607 [main] DEBUG org.springframework.test.context.BootstrapUtils - Instantiating TestContextBootstrapper for test class [com.dancodingbr.riskmanager.controllers.ActionPlansControllerTest] from class [org.springframework.boot.test.autoconfigure.web.servlet.WebMvcTestContextBootstrapper]
19:53:38.607 [main] INFO org.springframework.boot.test.autoconfigure.web.servlet.WebMvcTestContextBootstrapper - Neither @ContextConfiguration nor @ContextHierarchy found for test class [com.dancodingbr.riskmanager.controllers.ActionPlansControllerTest], using SpringBootContextLoader
19:53:38.607 [main] DEBUG org.springframework.test.context.support.AbstractContextLoader - Did not detect default resource location for test class [com.dancodingbr.riskmanager.controllers.ActionPlansControllerTest]: class path resource [com/dancodingbr/riskmanager/controllers/ActionPlansControllerTest-context.xml] does not exist
19:53:38.607 [main] DEBUG org.springframework.test.context.support.AbstractContextLoader - Did not detect default resource location for test class [com.dancodingbr.riskmanager.controllers.ActionPlansControllerTest]: class path resource [com/dancodingbr/riskmanager/controllers/ActionPlansControllerTestContext.groovy] does not exist
19:53:38.607 [main] INFO org.springframework.test.context.support.AbstractContextLoader - Could not detect default resource locations for test class [com.dancodingbr.riskmanager.controllers.ActionPlansControllerTest]: no resource found for suffixes {-context.xml, Context.groovy}.
19:53:38.607 [main] INFO org.springframework.test.context.support.AnnotationConfigContextLoaderUtils - Could not detect default configuration classes for test class [com.dancodingbr.riskmanager.controllers.ActionPlansControllerTest]: ActionPlansControllerTest does not declare any static, non-private, non-final, nested classes annotated with @Configuration.
19:53:38.611 [main] DEBUG org.springframework.test.context.support.ActiveProfilesUtils - Could not find an 'annotation declaring class' for annotation type [org.springframework.test.context.ActiveProfiles] and class [com.dancodingbr.riskmanager.controllers.ActionPlansControllerTest]
19:53:38.611 [main] INFO org.springframework.boot.test.context.SpringBootTestContextBootstrapper - Found @SpringBootConfiguration com.dancodingbr.riskmanager.RiskmanagerApplication for test class com.dancodingbr.riskmanager.controllers.ActionPlansControllerTest
19:53:38.611 [main] DEBUG org.springframework.boot.test.autoconfigure.web.servlet.WebMvcTestContextBootstrapper - @TestExecutionListeners is not present for class [com.dancodingbr.riskmanager.controllers.ActionPlansControllerTest]: using defaults.
19:53:38.611 [main] INFO org.springframework.boot.test.autoconfigure.web.servlet.WebMvcTestContextBootstrapper - Loaded default TestExecutionListener class names from location [META-INF/spring.factories]: [org.springframework.boot.test.mock.mockito.MockitoTestExecutionListener, org.springframework.boot.test.mock.mockito.ResetMocksTestExecutionListener, org.springframework.boot.test.autoconfigure.restdocs.RestDocsTestExecutionListener, org.springframework.boot.test.autoconfigure.web.client.MockRestServiceServerResetTestExecutionListener, org.springframework.boot.test.autoconfigure.web.servlet.MockMvcPrintOnlyOnFailureTestExecutionListener, org.springframework.boot.test.autoconfigure.web.servlet.WebDriverTestExecutionListener, org.springframework.boot.test.autoconfigure.webservices.client.MockWebServiceServerTestExecutionListener, org.springframework.test.context.web.ServletTestExecutionListener, org.springframework.test.context.support.DirtiesContextBeforeModesTestExecutionListener, org.springframework.test.context.event.ApplicationEventsTestExecutionListener, org.springframework.test.context.support.DependencyInjectionTestExecutionListener, org.springframework.test.context.support.DirtiesContextTestExecutionListener, org.springframework.test.context.transaction.TransactionalTestExecutionListener, org.springframework.test.context.jdbc.SqlScriptsTestExecutionListener, org.springframework.test.context.event.EventPublishingTestExecutionListener]
19:53:38.611 [main] INFO org.springframework.boot.test.autoconfigure.web.servlet.WebMvcTestContextBootstrapper - Using TestExecutionListeners: [org.springframework.test.context.web.ServletTestExecutionListener@2ef8a8c3, org.springframework.test.context.support.DirtiesContextBeforeModesTestExecutionListener@24f43aa3, org.springframework.test.context.event.ApplicationEventsTestExecutionListener@63fd4873, org.springframework.boot.test.mock.mockito.MockitoTestExecutionListener@1e11bc55, org.springframework.boot.test.autoconfigure.SpringBootDependencyInjectionTestExecutionListener@7544a1e4, org.springframework.test.context.support.DirtiesContextTestExecutionListener@70e0accd, org.springframework.test.context.transaction.TransactionalTestExecutionListener@7957dc72, org.springframework.test.context.jdbc.SqlScriptsTestExecutionListener@6ab72419, org.springframework.test.context.event.EventPublishingTestExecutionListener@3aacf32a, org.springframework.boot.test.mock.mockito.ResetMocksTestExecutionListener@4fdfa676, org.springframework.boot.test.autoconfigure.restdocs.RestDocsTestExecutionListener@82c57b3, org.springframework.boot.test.autoconfigure.web.client.MockRestServiceServerResetTestExecutionListener@5be82d43, org.springframework.boot.test.autoconfigure.web.servlet.MockMvcPrintOnlyOnFailureTestExecutionListener@600b0b7, org.springframework.boot.test.autoconfigure.web.servlet.WebDriverTestExecutionListener@345e5a17, org.springframework.boot.test.autoconfigure.webservices.client.MockWebServiceServerTestExecutionListener@5ea502e0]
19:53:38.611 [main] DEBUG org.springframework.test.annotation.ProfileValueUtils - Retrieved @ProfileValueSourceConfiguration [null] for test class [com.dancodingbr.riskmanager.controllers.ActionPlansControllerTest]
19:53:38.611 [main] DEBUG org.springframework.test.annotation.ProfileValueUtils - Retrieved ProfileValueSource type [class org.springframework.test.annotation.SystemProfileValueSource] for class [com.dancodingbr.riskmanager.controllers.ActionPlansControllerTest]
19:53:38.611 [main] DEBUG org.springframework.test.annotation.ProfileValueUtils - Retrieved @ProfileValueSourceConfiguration [null] for test class [com.dancodingbr.riskmanager.controllers.ActionPlansControllerTest]
19:53:38.611 [main] DEBUG org.springframework.test.annotation.ProfileValueUtils - Retrieved ProfileValueSource type [class org.springframework.test.annotation.SystemProfileValueSource] for class [com.dancodingbr.riskmanager.controllers.ActionPlansControllerTest]
19:53:38.611 [main] DEBUG org.springframework.test.annotation.ProfileValueUtils - Retrieved @ProfileValueSourceConfiguration [null] for test class [com.dancodingbr.riskmanager.controllers.ActionPlansControllerTest]
19:53:38.612 [main] DEBUG org.springframework.test.annotation.ProfileValueUtils - Retrieved ProfileValueSource type [class org.springframework.test.annotation.SystemProfileValueSource] for class [com.dancodingbr.riskmanager.controllers.ActionPlansControllerTest]
[INFO] Running com.dancodingbr.riskmanager.enums.RiskAssessmentMatrixTest
[INFO] Tests run: 26, Failures: 0, Errors: 0, Skipped: 0, Time elapsed: 0.197 s - in com.dancodingbr.riskmanager.enums.RiskAssessmentMatrixTest
[INFO] Running com.dancodingbr.riskmanager.repositories.ActionPlansRepositoryTest
19:53:38.833 [main] DEBUG org.springframework.test.context.BootstrapUtils - Instantiating CacheAwareContextLoaderDelegate from class [org.springframework.test.context.cache.DefaultCacheAwareContextLoaderDelegate]
19:53:38.833 [main] DEBUG org.springframework.test.context.BootstrapUtils - Instantiating BootstrapContext using constructor [public org.springframework.test.context.support.DefaultBootstrapContext(java.lang.Class,org.springframework.test.context.CacheAwareContextLoaderDelegate)]
19:53:38.834 [main] DEBUG org.springframework.test.context.BootstrapUtils - Instantiating TestContextBootstrapper for test class [com.dancodingbr.riskmanager.repositories.ActionPlansRepositoryTest] from class [org.springframework.boot.test.autoconfigure.orm.jpa.DataJpaTestContextBootstrapper]
19:53:38.835 [main] INFO org.springframework.boot.test.autoconfigure.orm.jpa.DataJpaTestContextBootstrapper - Neither @ContextConfiguration nor @ContextHierarchy found for test class [com.dancodingbr.riskmanager.repositories.ActionPlansRepositoryTest], using SpringBootContextLoader
19:53:38.835 [main] DEBUG org.springframework.test.context.support.AbstractContextLoader - Did not detect default resource location for test class [com.dancodingbr.riskmanager.repositories.ActionPlansRepositoryTest]: class path resource [com/dancodingbr/riskmanager/repositories/ActionPlansRepositoryTest-context.xml] does not exist
19:53:38.835 [main] DEBUG org.springframework.test.context.support.AbstractContextLoader - Did not detect default resource location for test class [com.dancodingbr.riskmanager.repositories.ActionPlansRepositoryTest]: class path resource [com/dancodingbr/riskmanager/repositories/ActionPlansRepositoryTestContext.groovy] does not exist
19:53:38.835 [main] INFO org.springframework.test.context.support.AbstractContextLoader - Could not detect default resource locations for test class [com.dancodingbr.riskmanager.repositories.ActionPlansRepositoryTest]: no resource found for suffixes {-context.xml, Context.groovy}.
19:53:38.835 [main] INFO org.springframework.test.context.support.AnnotationConfigContextLoaderUtils - Could not detect default configuration classes for test class [com.dancodingbr.riskmanager.repositories.ActionPlansRepositoryTest]: ActionPlansRepositoryTest does not declare any static, non-private, non-final, nested classes annotated with @Configuration.
19:53:38.838 [main] DEBUG org.springframework.test.context.support.ActiveProfilesUtils - Could not find an 'annotation declaring class' for annotation type [org.springframework.test.context.ActiveProfiles] and class [com.dancodingbr.riskmanager.repositories.ActionPlansRepositoryTest]
19:53:38.841 [main] DEBUG org.springframework.context.annotation.ClassPathScanningCandidateComponentProvider - Identified candidate component class: file [/Users/daniel/riskmanager/backend/riskmanager/target/classes/com/dancodingbr/riskmanager/RiskmanagerApplication.class]
19:53:38.841 [main] INFO org.springframework.boot.test.context.SpringBootTestContextBootstrapper - Found @SpringBootConfiguration com.dancodingbr.riskmanager.RiskmanagerApplication for test class com.dancodingbr.riskmanager.repositories.ActionPlansRepositoryTest
19:53:38.841 [main] DEBUG org.springframework.boot.test.autoconfigure.orm.jpa.DataJpaTestContextBootstrapper - @TestExecutionListeners is not present for class [com.dancodingbr.riskmanager.repositories.ActionPlansRepositoryTest]: using defaults.
19:53:38.841 [main] INFO org.springframework.boot.test.autoconfigure.orm.jpa.DataJpaTestContextBootstrapper - Loaded default TestExecutionListener class names from location [META-INF/spring.factories]: [org.springframework.boot.test.mock.mockito.MockitoTestExecutionListener, org.springframework.boot.test.mock.mockito.ResetMocksTestExecutionListener, org.springframework.boot.test.autoconfigure.restdocs.RestDocsTestExecutionListener, org.springframework.boot.test.autoconfigure.web.client.MockRestServiceServerResetTestExecutionListener, org.springframework.boot.test.autoconfigure.web.servlet.MockMvcPrintOnlyOnFailureTestExecutionListener, org.springframework.boot.test.autoconfigure.web.servlet.WebDriverTestExecutionListener, org.springframework.boot.test.autoconfigure.webservices.client.MockWebServiceServerTestExecutionListener, org.springframework.test.context.web.ServletTestExecutionListener, org.springframework.test.context.support.DirtiesContextBeforeModesTestExecutionListener, org.springframework.test.context.event.ApplicationEventsTestExecutionListener, org.springframework.test.context.support.DependencyInjectionTestExecutionListener, org.springframework.test.context.support.DirtiesContextTestExecutionListener, org.springframework.test.context.transaction.TransactionalTestExecutionListener, org.springframework.test.context.jdbc.SqlScriptsTestExecutionListener, org.springframework.test.context.event.EventPublishingTestExecutionListener]
19:53:38.842 [main] INFO org.springframework.boot.test.autoconfigure.orm.jpa.DataJpaTestContextBootstrapper - Using TestExecutionListeners: [org.springframework.test.context.web.ServletTestExecutionListener@62573c86, org.springframework.test.context.support.DirtiesContextBeforeModesTestExecutionListener@2418ba04, org.springframework.test.context.event.ApplicationEventsTestExecutionListener@14229fa7, org.springframework.boot.test.mock.mockito.MockitoTestExecutionListener@2ab0702e, org.springframework.boot.test.autoconfigure.SpringBootDependencyInjectionTestExecutionListener@7158daf2, org.springframework.test.context.support.DirtiesContextTestExecutionListener@10f19647, org.springframework.test.context.transaction.TransactionalTestExecutionListener@102efc59, org.springframework.test.context.jdbc.SqlScriptsTestExecutionListener@3936df72, org.springframework.test.context.event.EventPublishingTestExecutionListener@e8e0dec, org.springframework.boot.test.mock.mockito.ResetMocksTestExecutionListener@12d1f1d4, org.springframework.boot.test.autoconfigure.restdocs.RestDocsTestExecutionListener@75fa1be3, org.springframework.boot.test.autoconfigure.web.client.MockRestServiceServerResetTestExecutionListener@7a389761, org.springframework.boot.test.autoconfigure.web.servlet.MockMvcPrintOnlyOnFailureTestExecutionListener@42714a7, org.springframework.boot.test.autoconfigure.web.servlet.WebDriverTestExecutionListener@19650aa6, org.springframework.boot.test.autoconfigure.webservices.client.MockWebServiceServerTestExecutionListener@3ce53f6a]
19:53:38.852 [main] DEBUG org.springframework.test.context.support.AbstractDirtiesContextTestExecutionListener - Before test class: context [DefaultTestContext@7e2c64 testClass = ActionPlansRepositoryTest, testInstance = [null], testMethod = [null], testException = [null], mergedContextConfiguration = [MergedContextConfiguration@7c1e32c9 testClass = ActionPlansRepositoryTest, locations = '{}', classes = '{class com.dancodingbr.riskmanager.RiskmanagerApplication}', contextInitializerClasses = '[]', activeProfiles = '{}', propertySourceLocations = '{}', propertySourceProperties = '{org.springframework.boot.test.autoconfigure.orm.jpa.DataJpaTestContextBootstrapper=true}', contextCustomizers = set[[ImportsContextCustomizer@383864d5 key = [org.springframework.boot.autoconfigure.cache.CacheAutoConfiguration, org.springframework.boot.autoconfigure.data.jpa.JpaRepositoriesAutoConfiguration, org.springframework.boot.autoconfigure.flyway.FlywayAutoConfiguration, org.springframework.boot.autoconfigure.jdbc.DataSourceAutoConfiguration, org.springframework.boot.autoconfigure.jdbc.DataSourceTransactionManagerAutoConfiguration, org.springframework.boot.autoconfigure.jdbc.JdbcTemplateAutoConfiguration, org.springframework.boot.autoconfigure.liquibase.LiquibaseAutoConfiguration, org.springframework.boot.autoconfigure.orm.jpa.HibernateJpaAutoConfiguration, org.springframework.boot.autoconfigure.sql.init.SqlInitializationAutoConfiguration, org.springframework.boot.autoconfigure.transaction.TransactionAutoConfiguration, org.springframework.boot.test.autoconfigure.jdbc.TestDatabaseAutoConfiguration, org.springframework.boot.test.autoconfigure.orm.jpa.TestEntityManagerAutoConfiguration]], org.springframework.boot.test.context.filter.ExcludeFilterContextCustomizer@652a7737, org.springframework.boot.test.json.DuplicateJsonObjectContextCustomizerFactory$DuplicateJsonObjectContextCustomizer@650eab8, org.springframework.boot.test.mock.mockito.MockitoContextCustomizer@0, org.springframework.boot.test.autoconfigure.OverrideAutoConfigurationContextCustomizerFactory$DisableAutoConfigurationContextCustomizer@38be305c, org.springframework.boot.test.autoconfigure.actuate.metrics.MetricsExportContextCustomizerFactory$DisableMetricExportContextCustomizer@275fe372, org.springframework.boot.test.autoconfigure.filter.TypeExcludeFiltersContextCustomizer@351584c0, org.springframework.boot.test.autoconfigure.properties.PropertyMappingContextCustomizer@b1fbf449, org.springframework.boot.test.autoconfigure.web.servlet.WebDriverContextCustomizerFactory$Customizer@419a20a6, org.springframework.boot.test.context.SpringBootTestArgs@1, org.springframework.boot.test.context.SpringBootTestWebEnvironment@0], contextLoader = 'org.springframework.boot.test.context.SpringBootContextLoader', parent = [null]], attributes = map[[empty]]], class annotated with @DirtiesContext [false] with mode [null].
19:53:38.858 [main] DEBUG org.springframework.test.context.support.DependencyInjectionTestExecutionListener - Performing dependency injection for test context [[DefaultTestContext@7e2c64 testClass = ActionPlansRepositoryTest, testInstance = com.dancodingbr.riskmanager.repositories.ActionPlansRepositoryTest@242a209e, testMethod = [null], testException = [null], mergedContextConfiguration = [MergedContextConfiguration@7c1e32c9 testClass = ActionPlansRepositoryTest, locations = '{}', classes = '{class com.dancodingbr.riskmanager.RiskmanagerApplication}', contextInitializerClasses = '[]', activeProfiles = '{}', propertySourceLocations = '{}', propertySourceProperties = '{org.springframework.boot.test.autoconfigure.orm.jpa.DataJpaTestContextBootstrapper=true}', contextCustomizers = set[[ImportsContextCustomizer@383864d5 key = [org.springframework.boot.autoconfigure.cache.CacheAutoConfiguration, org.springframework.boot.autoconfigure.data.jpa.JpaRepositoriesAutoConfiguration, org.springframework.boot.autoconfigure.flyway.FlywayAutoConfiguration, org.springframework.boot.autoconfigure.jdbc.DataSourceAutoConfiguration, org.springframework.boot.autoconfigure.jdbc.DataSourceTransactionManagerAutoConfiguration, org.springframework.boot.autoconfigure.jdbc.JdbcTemplateAutoConfiguration, org.springframework.boot.autoconfigure.liquibase.LiquibaseAutoConfiguration, org.springframework.boot.autoconfigure.orm.jpa.HibernateJpaAutoConfiguration, org.springframework.boot.autoconfigure.sql.init.SqlInitializationAutoConfiguration, org.springframework.boot.autoconfigure.transaction.TransactionAutoConfiguration, org.springframework.boot.test.autoconfigure.jdbc.TestDatabaseAutoConfiguration, org.springframework.boot.test.autoconfigure.orm.jpa.TestEntityManagerAutoConfiguration]], org.springframework.boot.test.context.filter.ExcludeFilterContextCustomizer@652a7737, org.springframework.boot.test.json.DuplicateJsonObjectContextCustomizerFactory$DuplicateJsonObjectContextCustomizer@650eab8, org.springframework.boot.test.mock.mockito.MockitoContextCustomizer@0, org.springframework.boot.test.autoconfigure.OverrideAutoConfigurationContextCustomizerFactory$DisableAutoConfigurationContextCustomizer@38be305c, org.springframework.boot.test.autoconfigure.actuate.metrics.MetricsExportContextCustomizerFactory$DisableMetricExportContextCustomizer@275fe372, org.springframework.boot.test.autoconfigure.filter.TypeExcludeFiltersContextCustomizer@351584c0, org.springframework.boot.test.autoconfigure.properties.PropertyMappingContextCustomizer@b1fbf449, org.springframework.boot.test.autoconfigure.web.servlet.WebDriverContextCustomizerFactory$Customizer@419a20a6, org.springframework.boot.test.context.SpringBootTestArgs@1, org.springframework.boot.test.context.SpringBootTestWebEnvironment@0], contextLoader = 'org.springframework.boot.test.context.SpringBootContextLoader', parent = [null]], attributes = map['org.springframework.test.context.event.ApplicationEventsTestExecutionListener.recordApplicationEvents' -> false]]].

  .   ____          _            __ _ _
 /\\ / ___'_ __ _ _(_)_ __  __ _ \ \ \ \
( ( )\___ | '_ | '_| | '_ \/ _` | \ \ \ \
 \\/  ___)| |_)| | | | | || (_| |  ) ) ) )
  '  |____| .__|_| |_|_| |_\__, | / / / /
 =========|_|==============|___/=/_/_/_/
 :: Spring Boot ::                (v2.7.0)

2023-04-18 19:53:44.039  INFO 4997 --- [           main] c.d.r.r.ActionPlansRepositoryTest        : Starting ActionPlansRepositoryTest using Java 17.0.3 on dancodingbr.local with PID 4997 (started by daniel in /Users/daniel/riskmanager/backend/riskmanager)
2023-04-18 19:53:44.040  INFO 4997 --- [           main] c.d.r.r.ActionPlansRepositoryTest        : No active profile set, falling back to 1 default profile: "default"
2023-04-18 19:53:44.261  INFO 4997 --- [           main] .s.d.r.c.RepositoryConfigurationDelegate : Bootstrapping Spring Data JPA repositories in DEFAULT mode.
2023-04-18 19:53:44.342  INFO 4997 --- [           main] .s.d.r.c.RepositoryConfigurationDelegate : Finished Spring Data repository scanning in 77 ms. Found 3 JPA repository interfaces.
2023-04-18 19:53:44.368  INFO 4997 --- [           main] beddedDataSourceBeanFactoryPostProcessor : Replacing 'dataSource' DataSource bean with embedded version
2023-04-18 19:53:44.443  INFO 4997 --- [           main] o.s.j.d.e.EmbeddedDatabaseFactory        : Starting embedded database: url='jdbc:h2:mem:18dbd18e-1599-4b6a-a612-cb401456a13e;DB_CLOSE_DELAY=-1;DB_CLOSE_ON_EXIT=false', username='sa'
2023-04-18 19:53:44.604  INFO 4997 --- [           main] o.hibernate.jpa.internal.util.LogHelper  : HHH000204: Processing PersistenceUnitInfo [name: default]
2023-04-18 19:53:44.626  INFO 4997 --- [           main] org.hibernate.Version                    : HHH000412: Hibernate ORM core version 5.6.9.Final
2023-04-18 19:53:44.687  INFO 4997 --- [           main] org.hibernate.dialect.Dialect            : HHH000400: Using dialect: org.hibernate.dialect.H2Dialect
Hibernate: drop table if exists action_plan CASCADE 
Hibernate: drop table if exists analyzed_result CASCADE 
Hibernate: drop table if exists problem CASCADE 
Hibernate: create table action_plan (id bigint generated by default as identity, description varchar(255), primary key (id))
Hibernate: create table analyzed_result (id bigint generated by default as identity, impact_level varchar(255), probability_level varchar(255), risk_level varchar(255), action_plan_id bigint, problem_id bigint, primary key (id))
Hibernate: create table problem (id bigint generated by default as identity, description varchar(255), primary key (id))
Hibernate: alter table analyzed_result add constraint FKdiypts7jjd80ji6b6mmuoi2tc foreign key (action_plan_id) references action_plan
Hibernate: alter table analyzed_result add constraint FKes041jun4k3gs9uwjw5nkujov foreign key (problem_id) references problem
2023-04-18 19:53:44.874  INFO 4997 --- [           main] o.h.e.t.j.p.i.JtaPlatformInitiator       : HHH000490: Using JtaPlatform implementation: [org.hibernate.engine.transaction.jta.platform.internal.NoJtaPlatform]
2023-04-18 19:53:44.877  INFO 4997 --- [           main] j.LocalContainerEntityManagerFactoryBean : Initialized JPA EntityManagerFactory for persistence unit 'default'
2023-04-18 19:53:45.090  INFO 4997 --- [           main] c.d.r.r.ActionPlansRepositoryTest        : Started ActionPlansRepositoryTest in 6.213 seconds (JVM running for 7.023)
2023-04-18 19:53:45.099  INFO 4997 --- [           main] o.s.t.c.transaction.TransactionContext   : Began transaction (1) for test context [DefaultTestContext@7e2c64 testClass = ActionPlansRepositoryTest, testInstance = com.dancodingbr.riskmanager.repositories.ActionPlansRepositoryTest@242a209e, testMethod = it_should_returns_all_action_plans_list_when_finds_all@ActionPlansRepositoryTest, testException = [null], mergedContextConfiguration = [MergedContextConfiguration@7c1e32c9 testClass = ActionPlansRepositoryTest, locations = '{}', classes = '{class com.dancodingbr.riskmanager.RiskmanagerApplication}', contextInitializerClasses = '[]', activeProfiles = '{}', propertySourceLocations = '{}', propertySourceProperties = '{org.springframework.boot.test.autoconfigure.orm.jpa.DataJpaTestContextBootstrapper=true}', contextCustomizers = set[[ImportsContextCustomizer@383864d5 key = [org.springframework.boot.autoconfigure.cache.CacheAutoConfiguration, org.springframework.boot.autoconfigure.data.jpa.JpaRepositoriesAutoConfiguration, org.springframework.boot.autoconfigure.flyway.FlywayAutoConfiguration, org.springframework.boot.autoconfigure.jdbc.DataSourceAutoConfiguration, org.springframework.boot.autoconfigure.jdbc.DataSourceTransactionManagerAutoConfiguration, org.springframework.boot.autoconfigure.jdbc.JdbcTemplateAutoConfiguration, org.springframework.boot.autoconfigure.liquibase.LiquibaseAutoConfiguration, org.springframework.boot.autoconfigure.orm.jpa.HibernateJpaAutoConfiguration, org.springframework.boot.autoconfigure.sql.init.SqlInitializationAutoConfiguration, org.springframework.boot.autoconfigure.transaction.TransactionAutoConfiguration, org.springframework.boot.test.autoconfigure.jdbc.TestDatabaseAutoConfiguration, org.springframework.boot.test.autoconfigure.orm.jpa.TestEntityManagerAutoConfiguration]], org.springframework.boot.test.context.filter.ExcludeFilterContextCustomizer@652a7737, org.springframework.boot.test.json.DuplicateJsonObjectContextCustomizerFactory$DuplicateJsonObjectContextCustomizer@650eab8, org.springframework.boot.test.mock.mockito.MockitoContextCustomizer@0, org.springframework.boot.test.autoconfigure.OverrideAutoConfigurationContextCustomizerFactory$DisableAutoConfigurationContextCustomizer@38be305c, org.springframework.boot.test.autoconfigure.actuate.metrics.MetricsExportContextCustomizerFactory$DisableMetricExportContextCustomizer@275fe372, org.springframework.boot.test.autoconfigure.filter.TypeExcludeFiltersContextCustomizer@351584c0, org.springframework.boot.test.autoconfigure.properties.PropertyMappingContextCustomizer@b1fbf449, org.springframework.boot.test.autoconfigure.web.servlet.WebDriverContextCustomizerFactory$Customizer@419a20a6, org.springframework.boot.test.context.SpringBootTestArgs@1, org.springframework.boot.test.context.SpringBootTestWebEnvironment@0], contextLoader = 'org.springframework.boot.test.context.SpringBootContextLoader', parent = [null]], attributes = map['org.springframework.test.context.event.ApplicationEventsTestExecutionListener.recordApplicationEvents' -> false]]; transaction manager [org.springframework.orm.jpa.JpaTransactionManager@64a8d575]; rollback [true]
Hibernate: insert into action_plan (id, description) values (default, ?)
Hibernate: insert into action_plan (id, description) values (default, ?)
Hibernate: select actionplan0_.id as id1_0_, actionplan0_.description as descript2_0_ from action_plan actionplan0_
2023-04-18 19:53:45.137  INFO 4997 --- [           main] o.s.t.c.transaction.TransactionContext   : Rolled back transaction for test: [DefaultTestContext@7e2c64 testClass = ActionPlansRepositoryTest, testInstance = com.dancodingbr.riskmanager.repositories.ActionPlansRepositoryTest@242a209e, testMethod = it_should_returns_all_action_plans_list_when_finds_all@ActionPlansRepositoryTest, testException = [null], mergedContextConfiguration = [MergedContextConfiguration@7c1e32c9 testClass = ActionPlansRepositoryTest, locations = '{}', classes = '{class com.dancodingbr.riskmanager.RiskmanagerApplication}', contextInitializerClasses = '[]', activeProfiles = '{}', propertySourceLocations = '{}', propertySourceProperties = '{org.springframework.boot.test.autoconfigure.orm.jpa.DataJpaTestContextBootstrapper=true}', contextCustomizers = set[[ImportsContextCustomizer@383864d5 key = [org.springframework.boot.autoconfigure.cache.CacheAutoConfiguration, org.springframework.boot.autoconfigure.data.jpa.JpaRepositoriesAutoConfiguration, org.springframework.boot.autoconfigure.flyway.FlywayAutoConfiguration, org.springframework.boot.autoconfigure.jdbc.DataSourceAutoConfiguration, org.springframework.boot.autoconfigure.jdbc.DataSourceTransactionManagerAutoConfiguration, org.springframework.boot.autoconfigure.jdbc.JdbcTemplateAutoConfiguration, org.springframework.boot.autoconfigure.liquibase.LiquibaseAutoConfiguration, org.springframework.boot.autoconfigure.orm.jpa.HibernateJpaAutoConfiguration, org.springframework.boot.autoconfigure.sql.init.SqlInitializationAutoConfiguration, org.springframework.boot.autoconfigure.transaction.TransactionAutoConfiguration, org.springframework.boot.test.autoconfigure.jdbc.TestDatabaseAutoConfiguration, org.springframework.boot.test.autoconfigure.orm.jpa.TestEntityManagerAutoConfiguration]], org.springframework.boot.test.context.filter.ExcludeFilterContextCustomizer@652a7737, org.springframework.boot.test.json.DuplicateJsonObjectContextCustomizerFactory$DuplicateJsonObjectContextCustomizer@650eab8, org.springframework.boot.test.mock.mockito.MockitoContextCustomizer@0, org.springframework.boot.test.autoconfigure.OverrideAutoConfigurationContextCustomizerFactory$DisableAutoConfigurationContextCustomizer@38be305c, org.springframework.boot.test.autoconfigure.actuate.metrics.MetricsExportContextCustomizerFactory$DisableMetricExportContextCustomizer@275fe372, org.springframework.boot.test.autoconfigure.filter.TypeExcludeFiltersContextCustomizer@351584c0, org.springframework.boot.test.autoconfigure.properties.PropertyMappingContextCustomizer@b1fbf449, org.springframework.boot.test.autoconfigure.web.servlet.WebDriverContextCustomizerFactory$Customizer@419a20a6, org.springframework.boot.test.context.SpringBootTestArgs@1, org.springframework.boot.test.context.SpringBootTestWebEnvironment@0], contextLoader = 'org.springframework.boot.test.context.SpringBootContextLoader', parent = [null]], attributes = map['org.springframework.test.context.event.ApplicationEventsTestExecutionListener.recordApplicationEvents' -> false]]
[INFO] Tests run: 1, Failures: 0, Errors: 0, Skipped: 0, Time elapsed: 6.289 s - in com.dancodingbr.riskmanager.repositories.ActionPlansRepositoryTest
[INFO] Running com.dancodingbr.riskmanager.repositories.ProblemsRepositoryTest
2023-04-18 19:53:45.139  INFO 4997 --- [           main] b.t.a.o.j.DataJpaTestContextBootstrapper : Neither @ContextConfiguration nor @ContextHierarchy found for test class [com.dancodingbr.riskmanager.repositories.ProblemsRepositoryTest], using SpringBootContextLoader
2023-04-18 19:53:45.139  INFO 4997 --- [           main] o.s.t.c.support.AbstractContextLoader    : Could not detect default resource locations for test class [com.dancodingbr.riskmanager.repositories.ProblemsRepositoryTest]: no resource found for suffixes {-context.xml, Context.groovy}.
2023-04-18 19:53:45.139  INFO 4997 --- [           main] t.c.s.AnnotationConfigContextLoaderUtils : Could not detect default configuration classes for test class [com.dancodingbr.riskmanager.repositories.ProblemsRepositoryTest]: ProblemsRepositoryTest does not declare any static, non-private, non-final, nested classes annotated with @Configuration.
2023-04-18 19:53:45.141  INFO 4997 --- [           main] .b.t.c.SpringBootTestContextBootstrapper : Found @SpringBootConfiguration com.dancodingbr.riskmanager.RiskmanagerApplication for test class com.dancodingbr.riskmanager.repositories.ProblemsRepositoryTest
2023-04-18 19:53:45.142  INFO 4997 --- [           main] b.t.a.o.j.DataJpaTestContextBootstrapper : Loaded default TestExecutionListener class names from location [META-INF/spring.factories]: [org.springframework.boot.test.mock.mockito.MockitoTestExecutionListener, org.springframework.boot.test.mock.mockito.ResetMocksTestExecutionListener, org.springframework.boot.test.autoconfigure.restdocs.RestDocsTestExecutionListener, org.springframework.boot.test.autoconfigure.web.client.MockRestServiceServerResetTestExecutionListener, org.springframework.boot.test.autoconfigure.web.servlet.MockMvcPrintOnlyOnFailureTestExecutionListener, org.springframework.boot.test.autoconfigure.web.servlet.WebDriverTestExecutionListener, org.springframework.boot.test.autoconfigure.webservices.client.MockWebServiceServerTestExecutionListener, org.springframework.test.context.web.ServletTestExecutionListener, org.springframework.test.context.support.DirtiesContextBeforeModesTestExecutionListener, org.springframework.test.context.event.ApplicationEventsTestExecutionListener, org.springframework.test.context.support.DependencyInjectionTestExecutionListener, org.springframework.test.context.support.DirtiesContextTestExecutionListener, org.springframework.test.context.transaction.TransactionalTestExecutionListener, org.springframework.test.context.jdbc.SqlScriptsTestExecutionListener, org.springframework.test.context.event.EventPublishingTestExecutionListener]
2023-04-18 19:53:45.142  INFO 4997 --- [           main] b.t.a.o.j.DataJpaTestContextBootstrapper : Using TestExecutionListeners: [org.springframework.test.context.web.ServletTestExecutionListener@3d00e981, org.springframework.test.context.support.DirtiesContextBeforeModesTestExecutionListener@6265a548, org.springframework.test.context.event.ApplicationEventsTestExecutionListener@2e51ede1, org.springframework.boot.test.mock.mockito.MockitoTestExecutionListener@12051d38, org.springframework.boot.test.autoconfigure.SpringBootDependencyInjectionTestExecutionListener@28f3a218, org.springframework.test.context.support.DirtiesContextTestExecutionListener@67730dab, org.springframework.test.context.transaction.TransactionalTestExecutionListener@466cca41, org.springframework.test.context.jdbc.SqlScriptsTestExecutionListener@7c3ae369, org.springframework.test.context.event.EventPublishingTestExecutionListener@496c6d94, org.springframework.boot.test.mock.mockito.ResetMocksTestExecutionListener@360d3f47, org.springframework.boot.test.autoconfigure.restdocs.RestDocsTestExecutionListener@1693d505, org.springframework.boot.test.autoconfigure.web.client.MockRestServiceServerResetTestExecutionListener@3d195d15, org.springframework.boot.test.autoconfigure.web.servlet.MockMvcPrintOnlyOnFailureTestExecutionListener@17b387ef, org.springframework.boot.test.autoconfigure.web.servlet.WebDriverTestExecutionListener@489b7559, org.springframework.boot.test.autoconfigure.webservices.client.MockWebServiceServerTestExecutionListener@4028aab2]
2023-04-18 19:53:45.144  INFO 4997 --- [           main] o.s.t.c.transaction.TransactionContext   : Began transaction (1) for test context [DefaultTestContext@2af31aba testClass = ProblemsRepositoryTest, testInstance = com.dancodingbr.riskmanager.repositories.ProblemsRepositoryTest@682d8dad, testMethod = it_should_returns_all_problems_list_when_finds_all@ProblemsRepositoryTest, testException = [null], mergedContextConfiguration = [MergedContextConfiguration@1aebe759 testClass = ProblemsRepositoryTest, locations = '{}', classes = '{class com.dancodingbr.riskmanager.RiskmanagerApplication}', contextInitializerClasses = '[]', activeProfiles = '{}', propertySourceLocations = '{}', propertySourceProperties = '{org.springframework.boot.test.autoconfigure.orm.jpa.DataJpaTestContextBootstrapper=true}', contextCustomizers = set[[ImportsContextCustomizer@6fd37997 key = [org.springframework.boot.autoconfigure.cache.CacheAutoConfiguration, org.springframework.boot.autoconfigure.data.jpa.JpaRepositoriesAutoConfiguration, org.springframework.boot.autoconfigure.flyway.FlywayAutoConfiguration, org.springframework.boot.autoconfigure.jdbc.DataSourceAutoConfiguration, org.springframework.boot.autoconfigure.jdbc.DataSourceTransactionManagerAutoConfiguration, org.springframework.boot.autoconfigure.jdbc.JdbcTemplateAutoConfiguration, org.springframework.boot.autoconfigure.liquibase.LiquibaseAutoConfiguration, org.springframework.boot.autoconfigure.orm.jpa.HibernateJpaAutoConfiguration, org.springframework.boot.autoconfigure.sql.init.SqlInitializationAutoConfiguration, org.springframework.boot.autoconfigure.transaction.TransactionAutoConfiguration, org.springframework.boot.test.autoconfigure.jdbc.TestDatabaseAutoConfiguration, org.springframework.boot.test.autoconfigure.orm.jpa.TestEntityManagerAutoConfiguration]], org.springframework.boot.test.context.filter.ExcludeFilterContextCustomizer@652a7737, org.springframework.boot.test.json.DuplicateJsonObjectContextCustomizerFactory$DuplicateJsonObjectContextCustomizer@650eab8, org.springframework.boot.test.mock.mockito.MockitoContextCustomizer@0, org.springframework.boot.test.autoconfigure.OverrideAutoConfigurationContextCustomizerFactory$DisableAutoConfigurationContextCustomizer@38be305c, org.springframework.boot.test.autoconfigure.actuate.metrics.MetricsExportContextCustomizerFactory$DisableMetricExportContextCustomizer@275fe372, org.springframework.boot.test.autoconfigure.filter.TypeExcludeFiltersContextCustomizer@351584c0, org.springframework.boot.test.autoconfigure.properties.PropertyMappingContextCustomizer@b1fbf449, org.springframework.boot.test.autoconfigure.web.servlet.WebDriverContextCustomizerFactory$Customizer@419a20a6, org.springframework.boot.test.context.SpringBootTestArgs@1, org.springframework.boot.test.context.SpringBootTestWebEnvironment@0], contextLoader = 'org.springframework.boot.test.context.SpringBootContextLoader', parent = [null]], attributes = map['org.springframework.test.context.event.ApplicationEventsTestExecutionListener.recordApplicationEvents' -> false]]; transaction manager [org.springframework.orm.jpa.JpaTransactionManager@64a8d575]; rollback [true]
Hibernate: insert into problem (id, description) values (default, ?)
Hibernate: insert into problem (id, description) values (default, ?)
Hibernate: select problem0_.id as id1_2_, problem0_.description as descript2_2_ from problem problem0_
2023-04-18 19:53:45.149  INFO 4997 --- [           main] o.s.t.c.transaction.TransactionContext   : Rolled back transaction for test: [DefaultTestContext@2af31aba testClass = ProblemsRepositoryTest, testInstance = com.dancodingbr.riskmanager.repositories.ProblemsRepositoryTest@682d8dad, testMethod = it_should_returns_all_problems_list_when_finds_all@ProblemsRepositoryTest, testException = [null], mergedContextConfiguration = [MergedContextConfiguration@1aebe759 testClass = ProblemsRepositoryTest, locations = '{}', classes = '{class com.dancodingbr.riskmanager.RiskmanagerApplication}', contextInitializerClasses = '[]', activeProfiles = '{}', propertySourceLocations = '{}', propertySourceProperties = '{org.springframework.boot.test.autoconfigure.orm.jpa.DataJpaTestContextBootstrapper=true}', contextCustomizers = set[[ImportsContextCustomizer@6fd37997 key = [org.springframework.boot.autoconfigure.cache.CacheAutoConfiguration, org.springframework.boot.autoconfigure.data.jpa.JpaRepositoriesAutoConfiguration, org.springframework.boot.autoconfigure.flyway.FlywayAutoConfiguration, org.springframework.boot.autoconfigure.jdbc.DataSourceAutoConfiguration, org.springframework.boot.autoconfigure.jdbc.DataSourceTransactionManagerAutoConfiguration, org.springframework.boot.autoconfigure.jdbc.JdbcTemplateAutoConfiguration, org.springframework.boot.autoconfigure.liquibase.LiquibaseAutoConfiguration, org.springframework.boot.autoconfigure.orm.jpa.HibernateJpaAutoConfiguration, org.springframework.boot.autoconfigure.sql.init.SqlInitializationAutoConfiguration, org.springframework.boot.autoconfigure.transaction.TransactionAutoConfiguration, org.springframework.boot.test.autoconfigure.jdbc.TestDatabaseAutoConfiguration, org.springframework.boot.test.autoconfigure.orm.jpa.TestEntityManagerAutoConfiguration]], org.springframework.boot.test.context.filter.ExcludeFilterContextCustomizer@652a7737, org.springframework.boot.test.json.DuplicateJsonObjectContextCustomizerFactory$DuplicateJsonObjectContextCustomizer@650eab8, org.springframework.boot.test.mock.mockito.MockitoContextCustomizer@0, org.springframework.boot.test.autoconfigure.OverrideAutoConfigurationContextCustomizerFactory$DisableAutoConfigurationContextCustomizer@38be305c, org.springframework.boot.test.autoconfigure.actuate.metrics.MetricsExportContextCustomizerFactory$DisableMetricExportContextCustomizer@275fe372, org.springframework.boot.test.autoconfigure.filter.TypeExcludeFiltersContextCustomizer@351584c0, org.springframework.boot.test.autoconfigure.properties.PropertyMappingContextCustomizer@b1fbf449, org.springframework.boot.test.autoconfigure.web.servlet.WebDriverContextCustomizerFactory$Customizer@419a20a6, org.springframework.boot.test.context.SpringBootTestArgs@1, org.springframework.boot.test.context.SpringBootTestWebEnvironment@0], contextLoader = 'org.springframework.boot.test.context.SpringBootContextLoader', parent = [null]], attributes = map['org.springframework.test.context.event.ApplicationEventsTestExecutionListener.recordApplicationEvents' -> false]]
[INFO] Tests run: 1, Failures: 0, Errors: 0, Skipped: 0, Time elapsed: 0.007 s - in com.dancodingbr.riskmanager.repositories.ProblemsRepositoryTest
[INFO] Running com.dancodingbr.riskmanager.repositories.AnalyzingResultsRepositoryTest
2023-04-18 19:53:45.150  INFO 4997 --- [           main] b.t.a.o.j.DataJpaTestContextBootstrapper : Neither @ContextConfiguration nor @ContextHierarchy found for test class [com.dancodingbr.riskmanager.repositories.AnalyzingResultsRepositoryTest], using SpringBootContextLoader
2023-04-18 19:53:45.150  INFO 4997 --- [           main] o.s.t.c.support.AbstractContextLoader    : Could not detect default resource locations for test class [com.dancodingbr.riskmanager.repositories.AnalyzingResultsRepositoryTest]: no resource found for suffixes {-context.xml, Context.groovy}.
2023-04-18 19:53:45.150  INFO 4997 --- [           main] t.c.s.AnnotationConfigContextLoaderUtils : Could not detect default configuration classes for test class [com.dancodingbr.riskmanager.repositories.AnalyzingResultsRepositoryTest]: AnalyzingResultsRepositoryTest does not declare any static, non-private, non-final, nested classes annotated with @Configuration.
2023-04-18 19:53:45.152  INFO 4997 --- [           main] .b.t.c.SpringBootTestContextBootstrapper : Found @SpringBootConfiguration com.dancodingbr.riskmanager.RiskmanagerApplication for test class com.dancodingbr.riskmanager.repositories.AnalyzingResultsRepositoryTest
2023-04-18 19:53:45.152  INFO 4997 --- [           main] b.t.a.o.j.DataJpaTestContextBootstrapper : Loaded default TestExecutionListener class names from location [META-INF/spring.factories]: [org.springframework.boot.test.mock.mockito.MockitoTestExecutionListener, org.springframework.boot.test.mock.mockito.ResetMocksTestExecutionListener, org.springframework.boot.test.autoconfigure.restdocs.RestDocsTestExecutionListener, org.springframework.boot.test.autoconfigure.web.client.MockRestServiceServerResetTestExecutionListener, org.springframework.boot.test.autoconfigure.web.servlet.MockMvcPrintOnlyOnFailureTestExecutionListener, org.springframework.boot.test.autoconfigure.web.servlet.WebDriverTestExecutionListener, org.springframework.boot.test.autoconfigure.webservices.client.MockWebServiceServerTestExecutionListener, org.springframework.test.context.web.ServletTestExecutionListener, org.springframework.test.context.support.DirtiesContextBeforeModesTestExecutionListener, org.springframework.test.context.event.ApplicationEventsTestExecutionListener, org.springframework.test.context.support.DependencyInjectionTestExecutionListener, org.springframework.test.context.support.DirtiesContextTestExecutionListener, org.springframework.test.context.transaction.TransactionalTestExecutionListener, org.springframework.test.context.jdbc.SqlScriptsTestExecutionListener, org.springframework.test.context.event.EventPublishingTestExecutionListener]
2023-04-18 19:53:45.152  INFO 4997 --- [           main] b.t.a.o.j.DataJpaTestContextBootstrapper : Using TestExecutionListeners: [org.springframework.test.context.web.ServletTestExecutionListener@2d97344c, org.springframework.test.context.support.DirtiesContextBeforeModesTestExecutionListener@7f839ec5, org.springframework.test.context.event.ApplicationEventsTestExecutionListener@23f539df, org.springframework.boot.test.mock.mockito.MockitoTestExecutionListener@b859355, org.springframework.boot.test.autoconfigure.SpringBootDependencyInjectionTestExecutionListener@1f24e33d, org.springframework.test.context.support.DirtiesContextTestExecutionListener@7c3223aa, org.springframework.test.context.transaction.TransactionalTestExecutionListener@7683d632, org.springframework.test.context.jdbc.SqlScriptsTestExecutionListener@513bec8c, org.springframework.test.context.event.EventPublishingTestExecutionListener@693ed09d, org.springframework.boot.test.mock.mockito.ResetMocksTestExecutionListener@4fc8163, org.springframework.boot.test.autoconfigure.restdocs.RestDocsTestExecutionListener@6c26e588, org.springframework.boot.test.autoconfigure.web.client.MockRestServiceServerResetTestExecutionListener@62f73b0c, org.springframework.boot.test.autoconfigure.web.servlet.MockMvcPrintOnlyOnFailureTestExecutionListener@7dd2a5f7, org.springframework.boot.test.autoconfigure.web.servlet.WebDriverTestExecutionListener@1d45c4b7, org.springframework.boot.test.autoconfigure.webservices.client.MockWebServiceServerTestExecutionListener@46146832]
2023-04-18 19:53:45.155  INFO 4997 --- [           main] o.s.t.c.transaction.TransactionContext   : Began transaction (1) for test context [DefaultTestContext@64de9fa4 testClass = AnalyzingResultsRepositoryTest, testInstance = com.dancodingbr.riskmanager.repositories.AnalyzingResultsRepositoryTest@15a5cc6e, testMethod = it_should_returns_analyzed_result_when_saves_an_analyzed_result@AnalyzingResultsRepositoryTest, testException = [null], mergedContextConfiguration = [MergedContextConfiguration@4a65c40 testClass = AnalyzingResultsRepositoryTest, locations = '{}', classes = '{class com.dancodingbr.riskmanager.RiskmanagerApplication}', contextInitializerClasses = '[]', activeProfiles = '{}', propertySourceLocations = '{}', propertySourceProperties = '{org.springframework.boot.test.autoconfigure.orm.jpa.DataJpaTestContextBootstrapper=true}', contextCustomizers = set[[ImportsContextCustomizer@4fc84c92 key = [org.springframework.boot.autoconfigure.cache.CacheAutoConfiguration, org.springframework.boot.autoconfigure.data.jpa.JpaRepositoriesAutoConfiguration, org.springframework.boot.autoconfigure.flyway.FlywayAutoConfiguration, org.springframework.boot.autoconfigure.jdbc.DataSourceAutoConfiguration, org.springframework.boot.autoconfigure.jdbc.DataSourceTransactionManagerAutoConfiguration, org.springframework.boot.autoconfigure.jdbc.JdbcTemplateAutoConfiguration, org.springframework.boot.autoconfigure.liquibase.LiquibaseAutoConfiguration, org.springframework.boot.autoconfigure.orm.jpa.HibernateJpaAutoConfiguration, org.springframework.boot.autoconfigure.sql.init.SqlInitializationAutoConfiguration, org.springframework.boot.autoconfigure.transaction.TransactionAutoConfiguration, org.springframework.boot.test.autoconfigure.jdbc.TestDatabaseAutoConfiguration, org.springframework.boot.test.autoconfigure.orm.jpa.TestEntityManagerAutoConfiguration]], org.springframework.boot.test.context.filter.ExcludeFilterContextCustomizer@652a7737, org.springframework.boot.test.json.DuplicateJsonObjectContextCustomizerFactory$DuplicateJsonObjectContextCustomizer@650eab8, org.springframework.boot.test.mock.mockito.MockitoContextCustomizer@0, org.springframework.boot.test.autoconfigure.OverrideAutoConfigurationContextCustomizerFactory$DisableAutoConfigurationContextCustomizer@38be305c, org.springframework.boot.test.autoconfigure.actuate.metrics.MetricsExportContextCustomizerFactory$DisableMetricExportContextCustomizer@275fe372, org.springframework.boot.test.autoconfigure.filter.TypeExcludeFiltersContextCustomizer@351584c0, org.springframework.boot.test.autoconfigure.properties.PropertyMappingContextCustomizer@b1fbf449, org.springframework.boot.test.autoconfigure.web.servlet.WebDriverContextCustomizerFactory$Customizer@419a20a6, org.springframework.boot.test.context.SpringBootTestArgs@1, org.springframework.boot.test.context.SpringBootTestWebEnvironment@0], contextLoader = 'org.springframework.boot.test.context.SpringBootContextLoader', parent = [null]], attributes = map['org.springframework.test.context.event.ApplicationEventsTestExecutionListener.recordApplicationEvents' -> false]]; transaction manager [org.springframework.orm.jpa.JpaTransactionManager@64a8d575]; rollback [true]
Hibernate: insert into analyzed_result (id, action_plan_id, impact_level, probability_level, problem_id, risk_level) values (default, ?, ?, ?, ?, ?)
2023-04-18 19:53:45.159  INFO 4997 --- [           main] o.s.t.c.transaction.TransactionContext   : Rolled back transaction for test: [DefaultTestContext@64de9fa4 testClass = AnalyzingResultsRepositoryTest, testInstance = com.dancodingbr.riskmanager.repositories.AnalyzingResultsRepositoryTest@15a5cc6e, testMethod = it_should_returns_analyzed_result_when_saves_an_analyzed_result@AnalyzingResultsRepositoryTest, testException = [null], mergedContextConfiguration = [MergedContextConfiguration@4a65c40 testClass = AnalyzingResultsRepositoryTest, locations = '{}', classes = '{class com.dancodingbr.riskmanager.RiskmanagerApplication}', contextInitializerClasses = '[]', activeProfiles = '{}', propertySourceLocations = '{}', propertySourceProperties = '{org.springframework.boot.test.autoconfigure.orm.jpa.DataJpaTestContextBootstrapper=true}', contextCustomizers = set[[ImportsContextCustomizer@4fc84c92 key = [org.springframework.boot.autoconfigure.cache.CacheAutoConfiguration, org.springframework.boot.autoconfigure.data.jpa.JpaRepositoriesAutoConfiguration, org.springframework.boot.autoconfigure.flyway.FlywayAutoConfiguration, org.springframework.boot.autoconfigure.jdbc.DataSourceAutoConfiguration, org.springframework.boot.autoconfigure.jdbc.DataSourceTransactionManagerAutoConfiguration, org.springframework.boot.autoconfigure.jdbc.JdbcTemplateAutoConfiguration, org.springframework.boot.autoconfigure.liquibase.LiquibaseAutoConfiguration, org.springframework.boot.autoconfigure.orm.jpa.HibernateJpaAutoConfiguration, org.springframework.boot.autoconfigure.sql.init.SqlInitializationAutoConfiguration, org.springframework.boot.autoconfigure.transaction.TransactionAutoConfiguration, org.springframework.boot.test.autoconfigure.jdbc.TestDatabaseAutoConfiguration, org.springframework.boot.test.autoconfigure.orm.jpa.TestEntityManagerAutoConfiguration]], org.springframework.boot.test.context.filter.ExcludeFilterContextCustomizer@652a7737, org.springframework.boot.test.json.DuplicateJsonObjectContextCustomizerFactory$DuplicateJsonObjectContextCustomizer@650eab8, org.springframework.boot.test.mock.mockito.MockitoContextCustomizer@0, org.springframework.boot.test.autoconfigure.OverrideAutoConfigurationContextCustomizerFactory$DisableAutoConfigurationContextCustomizer@38be305c, org.springframework.boot.test.autoconfigure.actuate.metrics.MetricsExportContextCustomizerFactory$DisableMetricExportContextCustomizer@275fe372, org.springframework.boot.test.autoconfigure.filter.TypeExcludeFiltersContextCustomizer@351584c0, org.springframework.boot.test.autoconfigure.properties.PropertyMappingContextCustomizer@b1fbf449, org.springframework.boot.test.autoconfigure.web.servlet.WebDriverContextCustomizerFactory$Customizer@419a20a6, org.springframework.boot.test.context.SpringBootTestArgs@1, org.springframework.boot.test.context.SpringBootTestWebEnvironment@0], contextLoader = 'org.springframework.boot.test.context.SpringBootContextLoader', parent = [null]], attributes = map['org.springframework.test.context.event.ApplicationEventsTestExecutionListener.recordApplicationEvents' -> false]]
2023-04-18 19:53:45.160  INFO 4997 --- [           main] o.s.t.c.transaction.TransactionContext   : Began transaction (1) for test context [DefaultTestContext@64de9fa4 testClass = AnalyzingResultsRepositoryTest, testInstance = com.dancodingbr.riskmanager.repositories.AnalyzingResultsRepositoryTest@218e186b, testMethod = it_should_returns_analyzed_results_given_a_problem@AnalyzingResultsRepositoryTest, testException = [null], mergedContextConfiguration = [MergedContextConfiguration@4a65c40 testClass = AnalyzingResultsRepositoryTest, locations = '{}', classes = '{class com.dancodingbr.riskmanager.RiskmanagerApplication}', contextInitializerClasses = '[]', activeProfiles = '{}', propertySourceLocations = '{}', propertySourceProperties = '{org.springframework.boot.test.autoconfigure.orm.jpa.DataJpaTestContextBootstrapper=true}', contextCustomizers = set[[ImportsContextCustomizer@4fc84c92 key = [org.springframework.boot.autoconfigure.cache.CacheAutoConfiguration, org.springframework.boot.autoconfigure.data.jpa.JpaRepositoriesAutoConfiguration, org.springframework.boot.autoconfigure.flyway.FlywayAutoConfiguration, org.springframework.boot.autoconfigure.jdbc.DataSourceAutoConfiguration, org.springframework.boot.autoconfigure.jdbc.DataSourceTransactionManagerAutoConfiguration, org.springframework.boot.autoconfigure.jdbc.JdbcTemplateAutoConfiguration, org.springframework.boot.autoconfigure.liquibase.LiquibaseAutoConfiguration, org.springframework.boot.autoconfigure.orm.jpa.HibernateJpaAutoConfiguration, org.springframework.boot.autoconfigure.sql.init.SqlInitializationAutoConfiguration, org.springframework.boot.autoconfigure.transaction.TransactionAutoConfiguration, org.springframework.boot.test.autoconfigure.jdbc.TestDatabaseAutoConfiguration, org.springframework.boot.test.autoconfigure.orm.jpa.TestEntityManagerAutoConfiguration]], org.springframework.boot.test.context.filter.ExcludeFilterContextCustomizer@652a7737, org.springframework.boot.test.json.DuplicateJsonObjectContextCustomizerFactory$DuplicateJsonObjectContextCustomizer@650eab8, org.springframework.boot.test.mock.mockito.MockitoContextCustomizer@0, org.springframework.boot.test.autoconfigure.OverrideAutoConfigurationContextCustomizerFactory$DisableAutoConfigurationContextCustomizer@38be305c, org.springframework.boot.test.autoconfigure.actuate.metrics.MetricsExportContextCustomizerFactory$DisableMetricExportContextCustomizer@275fe372, org.springframework.boot.test.autoconfigure.filter.TypeExcludeFiltersContextCustomizer@351584c0, org.springframework.boot.test.autoconfigure.properties.PropertyMappingContextCustomizer@b1fbf449, org.springframework.boot.test.autoconfigure.web.servlet.WebDriverContextCustomizerFactory$Customizer@419a20a6, org.springframework.boot.test.context.SpringBootTestArgs@1, org.springframework.boot.test.context.SpringBootTestWebEnvironment@0], contextLoader = 'org.springframework.boot.test.context.SpringBootContextLoader', parent = [null]], attributes = map['org.springframework.test.context.event.ApplicationEventsTestExecutionListener.recordApplicationEvents' -> false]]; transaction manager [org.springframework.orm.jpa.JpaTransactionManager@64a8d575]; rollback [true]
Hibernate: insert into problem (id, description) values (default, ?)
Hibernate: insert into action_plan (id, description) values (default, ?)
Hibernate: insert into analyzed_result (id, action_plan_id, impact_level, probability_level, problem_id, risk_level) values (default, ?, ?, ?, ?, ?)
Hibernate: select analyzedre0_.id as id1_1_, analyzedre0_.action_plan_id as action_p5_1_, analyzedre0_.impact_level as impact_l2_1_, analyzedre0_.probability_level as probabil3_1_, analyzedre0_.problem_id as problem_6_1_, analyzedre0_.risk_level as risk_lev4_1_ from analyzed_result analyzedre0_ where analyzedre0_.problem_id=?
2023-04-18 19:53:45.168  INFO 4997 --- [           main] o.s.t.c.transaction.TransactionContext   : Rolled back transaction for test: [DefaultTestContext@64de9fa4 testClass = AnalyzingResultsRepositoryTest, testInstance = com.dancodingbr.riskmanager.repositories.AnalyzingResultsRepositoryTest@218e186b, testMethod = it_should_returns_analyzed_results_given_a_problem@AnalyzingResultsRepositoryTest, testException = [null], mergedContextConfiguration = [MergedContextConfiguration@4a65c40 testClass = AnalyzingResultsRepositoryTest, locations = '{}', classes = '{class com.dancodingbr.riskmanager.RiskmanagerApplication}', contextInitializerClasses = '[]', activeProfiles = '{}', propertySourceLocations = '{}', propertySourceProperties = '{org.springframework.boot.test.autoconfigure.orm.jpa.DataJpaTestContextBootstrapper=true}', contextCustomizers = set[[ImportsContextCustomizer@4fc84c92 key = [org.springframework.boot.autoconfigure.cache.CacheAutoConfiguration, org.springframework.boot.autoconfigure.data.jpa.JpaRepositoriesAutoConfiguration, org.springframework.boot.autoconfigure.flyway.FlywayAutoConfiguration, org.springframework.boot.autoconfigure.jdbc.DataSourceAutoConfiguration, org.springframework.boot.autoconfigure.jdbc.DataSourceTransactionManagerAutoConfiguration, org.springframework.boot.autoconfigure.jdbc.JdbcTemplateAutoConfiguration, org.springframework.boot.autoconfigure.liquibase.LiquibaseAutoConfiguration, org.springframework.boot.autoconfigure.orm.jpa.HibernateJpaAutoConfiguration, org.springframework.boot.autoconfigure.sql.init.SqlInitializationAutoConfiguration, org.springframework.boot.autoconfigure.transaction.TransactionAutoConfiguration, org.springframework.boot.test.autoconfigure.jdbc.TestDatabaseAutoConfiguration, org.springframework.boot.test.autoconfigure.orm.jpa.TestEntityManagerAutoConfiguration]], org.springframework.boot.test.context.filter.ExcludeFilterContextCustomizer@652a7737, org.springframework.boot.test.json.DuplicateJsonObjectContextCustomizerFactory$DuplicateJsonObjectContextCustomizer@650eab8, org.springframework.boot.test.mock.mockito.MockitoContextCustomizer@0, org.springframework.boot.test.autoconfigure.OverrideAutoConfigurationContextCustomizerFactory$DisableAutoConfigurationContextCustomizer@38be305c, org.springframework.boot.test.autoconfigure.actuate.metrics.MetricsExportContextCustomizerFactory$DisableMetricExportContextCustomizer@275fe372, org.springframework.boot.test.autoconfigure.filter.TypeExcludeFiltersContextCustomizer@351584c0, org.springframework.boot.test.autoconfigure.properties.PropertyMappingContextCustomizer@b1fbf449, org.springframework.boot.test.autoconfigure.web.servlet.WebDriverContextCustomizerFactory$Customizer@419a20a6, org.springframework.boot.test.context.SpringBootTestArgs@1, org.springframework.boot.test.context.SpringBootTestWebEnvironment@0], contextLoader = 'org.springframework.boot.test.context.SpringBootContextLoader', parent = [null]], attributes = map['org.springframework.test.context.event.ApplicationEventsTestExecutionListener.recordApplicationEvents' -> false]]
[INFO] Tests run: 2, Failures: 0, Errors: 0, Skipped: 0, Time elapsed: 0.017 s - in com.dancodingbr.riskmanager.repositories.AnalyzingResultsRepositoryTest
[INFO] Running com.dancodingbr.riskmanager.RiskmanagerApplicationTests
2023-04-18 19:53:45.170  INFO 4997 --- [           main] .b.t.c.SpringBootTestContextBootstrapper : Neither @ContextConfiguration nor @ContextHierarchy found for test class [com.dancodingbr.riskmanager.RiskmanagerApplicationTests], using SpringBootContextLoader
2023-04-18 19:53:45.170  INFO 4997 --- [           main] o.s.t.c.support.AbstractContextLoader    : Could not detect default resource locations for test class [com.dancodingbr.riskmanager.RiskmanagerApplicationTests]: no resource found for suffixes {-context.xml, Context.groovy}.
2023-04-18 19:53:45.170  INFO 4997 --- [           main] t.c.s.AnnotationConfigContextLoaderUtils : Could not detect default configuration classes for test class [com.dancodingbr.riskmanager.RiskmanagerApplicationTests]: RiskmanagerApplicationTests does not declare any static, non-private, non-final, nested classes annotated with @Configuration.
2023-04-18 19:53:45.173  INFO 4997 --- [           main] .b.t.c.SpringBootTestContextBootstrapper : Found @SpringBootConfiguration com.dancodingbr.riskmanager.RiskmanagerApplication for test class com.dancodingbr.riskmanager.RiskmanagerApplicationTests
2023-04-18 19:53:45.174  INFO 4997 --- [           main] .b.t.c.SpringBootTestContextBootstrapper : Loaded default TestExecutionListener class names from location [META-INF/spring.factories]: [org.springframework.boot.test.mock.mockito.MockitoTestExecutionListener, org.springframework.boot.test.mock.mockito.ResetMocksTestExecutionListener, org.springframework.boot.test.autoconfigure.restdocs.RestDocsTestExecutionListener, org.springframework.boot.test.autoconfigure.web.client.MockRestServiceServerResetTestExecutionListener, org.springframework.boot.test.autoconfigure.web.servlet.MockMvcPrintOnlyOnFailureTestExecutionListener, org.springframework.boot.test.autoconfigure.web.servlet.WebDriverTestExecutionListener, org.springframework.boot.test.autoconfigure.webservices.client.MockWebServiceServerTestExecutionListener, org.springframework.test.context.web.ServletTestExecutionListener, org.springframework.test.context.support.DirtiesContextBeforeModesTestExecutionListener, org.springframework.test.context.event.ApplicationEventsTestExecutionListener, org.springframework.test.context.support.DependencyInjectionTestExecutionListener, org.springframework.test.context.support.DirtiesContextTestExecutionListener, org.springframework.test.context.transaction.TransactionalTestExecutionListener, org.springframework.test.context.jdbc.SqlScriptsTestExecutionListener, org.springframework.test.context.event.EventPublishingTestExecutionListener]
2023-04-18 19:53:45.174  INFO 4997 --- [           main] .b.t.c.SpringBootTestContextBootstrapper : Using TestExecutionListeners: [org.springframework.test.context.web.ServletTestExecutionListener@5b78a946, org.springframework.test.context.support.DirtiesContextBeforeModesTestExecutionListener@37c762aa, org.springframework.test.context.event.ApplicationEventsTestExecutionListener@4c438f66, org.springframework.boot.test.mock.mockito.MockitoTestExecutionListener@13087c75, org.springframework.boot.test.autoconfigure.SpringBootDependencyInjectionTestExecutionListener@da4c5cb, org.springframework.test.context.support.DirtiesContextTestExecutionListener@1fa24e7, org.springframework.test.context.transaction.TransactionalTestExecutionListener@5192b301, org.springframework.test.context.jdbc.SqlScriptsTestExecutionListener@1a99692, org.springframework.test.context.event.EventPublishingTestExecutionListener@2a0881f1, org.springframework.boot.test.mock.mockito.ResetMocksTestExecutionListener@7a85454b, org.springframework.boot.test.autoconfigure.restdocs.RestDocsTestExecutionListener@3ecbfba1, org.springframework.boot.test.autoconfigure.web.client.MockRestServiceServerResetTestExecutionListener@739be7ec, org.springframework.boot.test.autoconfigure.web.servlet.MockMvcPrintOnlyOnFailureTestExecutionListener@1df2e767, org.springframework.boot.test.autoconfigure.web.servlet.WebDriverTestExecutionListener@4d0d568f, org.springframework.boot.test.autoconfigure.webservices.client.MockWebServiceServerTestExecutionListener@2c7aba7c]

  .   ____          _            __ _ _
 /\\ / ___'_ __ _ _(_)_ __  __ _ \ \ \ \
( ( )\___ | '_ | '_| | '_ \/ _` | \ \ \ \
 \\/  ___)| |_)| | | | | || (_| |  ) ) ) )
  '  |____| .__|_| |_|_| |_\__, | / / / /
 =========|_|==============|___/=/_/_/_/
 :: Spring Boot ::                (v2.7.0)

2023-04-18 19:53:45.188  INFO 4997 --- [           main] c.d.r.RiskmanagerApplicationTests        : Starting RiskmanagerApplicationTests using Java 17.0.3 on dancodingbr.local with PID 4997 (started by daniel in /Users/daniel/riskmanager/backend/riskmanager)
2023-04-18 19:53:45.188  INFO 4997 --- [           main] c.d.r.RiskmanagerApplicationTests        : No active profile set, falling back to 1 default profile: "default"
2023-04-18 19:53:45.323  INFO 4997 --- [           main] .s.d.r.c.RepositoryConfigurationDelegate : Bootstrapping Spring Data JPA repositories in DEFAULT mode.
2023-04-18 19:53:45.328  INFO 4997 --- [           main] .s.d.r.c.RepositoryConfigurationDelegate : Finished Spring Data repository scanning in 4 ms. Found 3 JPA repository interfaces.
2023-04-18 19:53:45.408  INFO 4997 --- [           main] com.zaxxer.hikari.HikariDataSource       : HikariPool-1 - Starting...
2023-04-18 19:53:45.414  INFO 4997 --- [           main] com.zaxxer.hikari.HikariDataSource       : HikariPool-1 - Start completed.
2023-04-18 19:53:45.422  INFO 4997 --- [           main] o.hibernate.jpa.internal.util.LogHelper  : HHH000204: Processing PersistenceUnitInfo [name: default]
2023-04-18 19:53:45.424  INFO 4997 --- [           main] org.hibernate.dialect.Dialect            : HHH000400: Using dialect: org.hibernate.dialect.H2Dialect
2023-04-18 19:53:45.442  INFO 4997 --- [           main] o.h.e.t.j.p.i.JtaPlatformInitiator       : HHH000490: Using JtaPlatform implementation: [org.hibernate.engine.transaction.jta.platform.internal.NoJtaPlatform]
2023-04-18 19:53:45.442  INFO 4997 --- [           main] j.LocalContainerEntityManagerFactoryBean : Initialized JPA EntityManagerFactory for persistence unit 'default'
2023-04-18 19:53:45.538  WARN 4997 --- [           main] JpaBaseConfiguration$JpaWebConfiguration : spring.jpa.open-in-view is enabled by default. Therefore, database queries may be performed during view rendering. Explicitly configure spring.jpa.open-in-view to disable this warning
2023-04-18 19:53:46.008  INFO 4997 --- [           main] c.d.r.RiskmanagerApplicationTests        : Started RiskmanagerApplicationTests in 0.83 seconds (JVM running for 7.94)
[INFO] Tests run: 1, Failures: 0, Errors: 0, Skipped: 0, Time elapsed: 0.842 s - in com.dancodingbr.riskmanager.RiskmanagerApplicationTests
[INFO] Running com.dancodingbr.riskmanager.services.ActionPlansServiceTest
[INFO] Tests run: 2, Failures: 0, Errors: 0, Skipped: 0, Time elapsed: 0.032 s - in com.dancodingbr.riskmanager.services.ActionPlansServiceTest
[INFO] Running com.dancodingbr.riskmanager.services.ProblemsServiceTest
[INFO] Tests run: 2, Failures: 0, Errors: 0, Skipped: 0, Time elapsed: 0.007 s - in com.dancodingbr.riskmanager.services.ProblemsServiceTest
[INFO] Running com.dancodingbr.riskmanager.services.AnalyzingResultsServiceTest
[INFO] Tests run: 5, Failures: 0, Errors: 0, Skipped: 0, Time elapsed: 0.008 s - in com.dancodingbr.riskmanager.services.AnalyzingResultsServiceTest
[INFO] Running com.dancodingbr.riskmanager.bdd.RunCucumberTest
2023-04-18 19:53:46.101  INFO 4997 --- [           main] .b.t.c.SpringBootTestContextBootstrapper : Neither @ContextConfiguration nor @ContextHierarchy found for test class [com.dancodingbr.riskmanager.bdd.SpringContextCucumberConfiguration], using SpringBootContextLoader
2023-04-18 19:53:46.101  INFO 4997 --- [           main] o.s.t.c.support.AbstractContextLoader    : Could not detect default resource locations for test class [com.dancodingbr.riskmanager.bdd.SpringContextCucumberConfiguration]: no resource found for suffixes {-context.xml, Context.groovy}.
2023-04-18 19:53:46.101  INFO 4997 --- [           main] t.c.s.AnnotationConfigContextLoaderUtils : Could not detect default configuration classes for test class [com.dancodingbr.riskmanager.bdd.SpringContextCucumberConfiguration]: SpringContextCucumberConfiguration does not declare any static, non-private, non-final, nested classes annotated with @Configuration.
2023-04-18 19:53:46.103  INFO 4997 --- [           main] .b.t.c.SpringBootTestContextBootstrapper : Found @SpringBootConfiguration com.dancodingbr.riskmanager.RiskmanagerApplication for test class com.dancodingbr.riskmanager.bdd.SpringContextCucumberConfiguration
2023-04-18 19:53:46.103  INFO 4997 --- [           main] .b.t.c.SpringBootTestContextBootstrapper : Loaded default TestExecutionListener class names from location [META-INF/spring.factories]: [org.springframework.boot.test.mock.mockito.MockitoTestExecutionListener, org.springframework.boot.test.mock.mockito.ResetMocksTestExecutionListener, org.springframework.boot.test.autoconfigure.restdocs.RestDocsTestExecutionListener, org.springframework.boot.test.autoconfigure.web.client.MockRestServiceServerResetTestExecutionListener, org.springframework.boot.test.autoconfigure.web.servlet.MockMvcPrintOnlyOnFailureTestExecutionListener, org.springframework.boot.test.autoconfigure.web.servlet.WebDriverTestExecutionListener, org.springframework.boot.test.autoconfigure.webservices.client.MockWebServiceServerTestExecutionListener, org.springframework.test.context.web.ServletTestExecutionListener, org.springframework.test.context.support.DirtiesContextBeforeModesTestExecutionListener, org.springframework.test.context.event.ApplicationEventsTestExecutionListener, org.springframework.test.context.support.DependencyInjectionTestExecutionListener, org.springframework.test.context.support.DirtiesContextTestExecutionListener, org.springframework.test.context.transaction.TransactionalTestExecutionListener, org.springframework.test.context.jdbc.SqlScriptsTestExecutionListener, org.springframework.test.context.event.EventPublishingTestExecutionListener]
2023-04-18 19:53:46.103  INFO 4997 --- [           main] .b.t.c.SpringBootTestContextBootstrapper : Using TestExecutionListeners: [org.springframework.test.context.web.ServletTestExecutionListener@28dae87e, org.springframework.test.context.support.DirtiesContextBeforeModesTestExecutionListener@80f3111, org.springframework.test.context.event.ApplicationEventsTestExecutionListener@54e0b29c, org.springframework.boot.test.mock.mockito.MockitoTestExecutionListener@33428132, org.springframework.boot.test.autoconfigure.SpringBootDependencyInjectionTestExecutionListener@4c24063c, org.springframework.test.context.support.DirtiesContextTestExecutionListener@3dd22110, org.springframework.test.context.transaction.TransactionalTestExecutionListener@6cf71064, org.springframework.test.context.jdbc.SqlScriptsTestExecutionListener@4b9b57d9, org.springframework.test.context.event.EventPublishingTestExecutionListener@2762bd70, org.springframework.boot.test.mock.mockito.ResetMocksTestExecutionListener@b94c22d, org.springframework.boot.test.autoconfigure.restdocs.RestDocsTestExecutionListener@5fb4870b, org.springframework.boot.test.autoconfigure.web.client.MockRestServiceServerResetTestExecutionListener@4e8036bb, org.springframework.boot.test.autoconfigure.web.servlet.MockMvcPrintOnlyOnFailureTestExecutionListener@7c3b8b26, org.springframework.boot.test.autoconfigure.web.servlet.WebDriverTestExecutionListener@5113ab26, org.springframework.boot.test.autoconfigure.webservices.client.MockWebServiceServerTestExecutionListener@2a64e2d0]
2023-04-18 19:53:46.244 ERROR 4997 --- [           main] i.n.r.d.DnsServerAddressStreamProviders  : Unable to load io.netty.resolver.dns.macos.MacOSDnsServerAddressStreamProvider, fallback to system defaults. This may result in incorrect DNS resolutions on MacOS.

java.lang.reflect.InvocationTargetException: null
	at java.base/jdk.internal.reflect.NativeConstructorAccessorImpl.newInstance0(Native Method) ~[na:na]
	at java.base/jdk.internal.reflect.NativeConstructorAccessorImpl.newInstance(NativeConstructorAccessorImpl.java:77) ~[na:na]
	at java.base/jdk.internal.reflect.DelegatingConstructorAccessorImpl.newInstance(DelegatingConstructorAccessorImpl.java:45) ~[na:na]
	at java.base/java.lang.reflect.Constructor.newInstanceWithCaller(Constructor.java:499) ~[na:na]
	at java.base/java.lang.reflect.Constructor.newInstance(Constructor.java:480) ~[na:na]
	at io.netty.resolver.dns.DnsServerAddressStreamProviders.<clinit>(DnsServerAddressStreamProviders.java:64) ~[netty-resolver-dns-4.1.77.Final.jar:4.1.77.Final]
	at io.netty.resolver.dns.DnsNameResolverBuilder.<init>(DnsNameResolverBuilder.java:60) ~[netty-resolver-dns-4.1.77.Final.jar:4.1.77.Final]
	at reactor.netty.transport.NameResolverProvider.newNameResolverGroup(NameResolverProvider.java:479) ~[reactor-netty-core-1.0.19.jar:1.0.19]
	at reactor.netty.tcp.TcpResources.getOrCreateDefaultResolver(TcpResources.java:315) ~[reactor-netty-core-1.0.19.jar:1.0.19]
	at reactor.netty.http.HttpResources.getOrCreateDefaultResolver(HttpResources.java:152) ~[reactor-netty-http-1.0.19.jar:1.0.19]
	at reactor.netty.http.client.HttpClientConfig.defaultAddressResolverGroup(HttpClientConfig.java:383) ~[reactor-netty-http-1.0.19.jar:1.0.19]
	at reactor.netty.transport.ClientTransportConfig.resolverInternal(ClientTransportConfig.java:224) ~[reactor-netty-core-1.0.19.jar:1.0.19]
	at reactor.netty.http.client.HttpClientConfig.resolverInternal(HttpClientConfig.java:437) ~[reactor-netty-http-1.0.19.jar:1.0.19]
	at reactor.netty.http.client.HttpClientConnect$MonoHttpConnect.lambda$subscribe$0(HttpClientConnect.java:265) ~[reactor-netty-http-1.0.19.jar:1.0.19]
	at reactor.core.publisher.MonoCreate.subscribe(MonoCreate.java:58) ~[reactor-core-3.4.18.jar:3.4.18]
	at reactor.core.publisher.FluxRetryWhen.subscribe(FluxRetryWhen.java:77) ~[reactor-core-3.4.18.jar:3.4.18]
	at reactor.core.publisher.MonoRetryWhen.subscribeOrReturn(MonoRetryWhen.java:46) ~[reactor-core-3.4.18.jar:3.4.18]
	at reactor.core.publisher.InternalMonoOperator.subscribe(InternalMonoOperator.java:57) ~[reactor-core-3.4.18.jar:3.4.18]
	at reactor.netty.http.client.HttpClientConnect$MonoHttpConnect.subscribe(HttpClientConnect.java:272) ~[reactor-netty-http-1.0.19.jar:1.0.19]
	at reactor.core.publisher.InternalMonoOperator.subscribe(InternalMonoOperator.java:64) ~[reactor-core-3.4.18.jar:3.4.18]
	at reactor.core.publisher.MonoDefer.subscribe(MonoDefer.java:52) ~[reactor-core-3.4.18.jar:3.4.18]
	at reactor.core.publisher.Mono.subscribe(Mono.java:4400) ~[reactor-core-3.4.18.jar:3.4.18]
	at reactor.core.publisher.Mono.block(Mono.java:1706) ~[reactor-core-3.4.18.jar:3.4.18]
	at com.dancodingbr.riskmanager.bdd.stepdefinitions.AnalyzingResultsStepDefinitions.a_related(AnalyzingResultsStepDefinitions.java:64) ~[test-classes/:na]
	at java.base/jdk.internal.reflect.NativeMethodAccessorImpl.invoke0(Native Method) ~[na:na]
	at java.base/jdk.internal.reflect.NativeMethodAccessorImpl.invoke(NativeMethodAccessorImpl.java:77) ~[na:na]
	at java.base/jdk.internal.reflect.DelegatingMethodAccessorImpl.invoke(DelegatingMethodAccessorImpl.java:43) ~[na:na]
	at java.base/java.lang.reflect.Method.invoke(Method.java:568) ~[na:na]
	at io.cucumber.java.Invoker.doInvoke(Invoker.java:66) ~[cucumber-java-7.3.4.jar:7.3.4]
	at io.cucumber.java.Invoker.invoke(Invoker.java:24) ~[cucumber-java-7.3.4.jar:7.3.4]
	at io.cucumber.java.AbstractGlueDefinition.invokeMethod(AbstractGlueDefinition.java:47) ~[cucumber-java-7.3.4.jar:7.3.4]
	at io.cucumber.java.JavaStepDefinition.execute(JavaStepDefinition.java:29) ~[cucumber-java-7.3.4.jar:7.3.4]
	at io.cucumber.core.runner.CoreStepDefinition.execute(CoreStepDefinition.java:66) ~[cucumber-core-7.3.4.jar:7.3.4]
	at io.cucumber.core.runner.PickleStepDefinitionMatch.runStep(PickleStepDefinitionMatch.java:63) ~[cucumber-core-7.3.4.jar:7.3.4]
	at io.cucumber.core.runner.ExecutionMode$1.execute(ExecutionMode.java:10) ~[cucumber-core-7.3.4.jar:7.3.4]
	at io.cucumber.core.runner.TestStep.executeStep(TestStep.java:85) ~[cucumber-core-7.3.4.jar:7.3.4]
	at io.cucumber.core.runner.TestStep.run(TestStep.java:57) ~[cucumber-core-7.3.4.jar:7.3.4]
	at io.cucumber.core.runner.PickleStepTestStep.run(PickleStepTestStep.java:51) ~[cucumber-core-7.3.4.jar:7.3.4]
	at io.cucumber.core.runner.TestCase.run(TestCase.java:84) ~[cucumber-core-7.3.4.jar:7.3.4]
	at io.cucumber.core.runner.Runner.runPickle(Runner.java:75) ~[cucumber-core-7.3.4.jar:7.3.4]
	at io.cucumber.junit.PickleRunners$NoStepDescriptions.lambda$run$0(PickleRunners.java:151) ~[cucumber-junit-7.3.4.jar:7.3.4]
	at io.cucumber.core.runtime.CucumberExecutionContext.lambda$runTestCase$5(CucumberExecutionContext.java:129) ~[cucumber-core-7.3.4.jar:7.3.4]
	at io.cucumber.core.runtime.RethrowingThrowableCollector.executeAndThrow(RethrowingThrowableCollector.java:23) ~[cucumber-core-7.3.4.jar:7.3.4]
	at io.cucumber.core.runtime.CucumberExecutionContext.runTestCase(CucumberExecutionContext.java:129) ~[cucumber-core-7.3.4.jar:7.3.4]
	at io.cucumber.junit.PickleRunners$NoStepDescriptions.run(PickleRunners.java:148) ~[cucumber-junit-7.3.4.jar:7.3.4]
	at io.cucumber.junit.FeatureRunner.runChild(FeatureRunner.java:144) ~[cucumber-junit-7.3.4.jar:7.3.4]
	at io.cucumber.junit.FeatureRunner.runChild(FeatureRunner.java:28) ~[cucumber-junit-7.3.4.jar:7.3.4]
	at org.junit.runners.ParentRunner$4.run(ParentRunner.java:331) ~[junit-4.13.2.jar:4.13.2]
	at org.junit.runners.ParentRunner$1.schedule(ParentRunner.java:79) ~[junit-4.13.2.jar:4.13.2]
	at org.junit.runners.ParentRunner.runChildren(ParentRunner.java:329) ~[junit-4.13.2.jar:4.13.2]
	at org.junit.runners.ParentRunner.access$100(ParentRunner.java:66) ~[junit-4.13.2.jar:4.13.2]
	at org.junit.runners.ParentRunner$2.evaluate(ParentRunner.java:293) ~[junit-4.13.2.jar:4.13.2]
	at org.junit.runners.ParentRunner$3.evaluate(ParentRunner.java:306) ~[junit-4.13.2.jar:4.13.2]
	at org.junit.runners.ParentRunner.run(ParentRunner.java:413) ~[junit-4.13.2.jar:4.13.2]
	at io.cucumber.junit.FeatureRunner.run(FeatureRunner.java:137) ~[cucumber-junit-7.3.4.jar:7.3.4]
	at io.cucumber.junit.Cucumber.runChild(Cucumber.java:196) ~[cucumber-junit-7.3.4.jar:7.3.4]
	at io.cucumber.junit.Cucumber.runChild(Cucumber.java:89) ~[cucumber-junit-7.3.4.jar:7.3.4]
	at org.junit.runners.ParentRunner$4.run(ParentRunner.java:331) ~[junit-4.13.2.jar:4.13.2]
	at org.junit.runners.ParentRunner$1.schedule(ParentRunner.java:79) ~[junit-4.13.2.jar:4.13.2]
	at org.junit.runners.ParentRunner.runChildren(ParentRunner.java:329) ~[junit-4.13.2.jar:4.13.2]
	at org.junit.runners.ParentRunner.access$100(ParentRunner.java:66) ~[junit-4.13.2.jar:4.13.2]
	at org.junit.runners.ParentRunner$2.evaluate(ParentRunner.java:293) ~[junit-4.13.2.jar:4.13.2]
	at io.cucumber.junit.Cucumber$RunBeforeAllHooks.evaluate(Cucumber.java:266) ~[cucumber-junit-7.3.4.jar:7.3.4]
	at io.cucumber.junit.Cucumber$RunAfterAllHooks.evaluate(Cucumber.java:281) ~[cucumber-junit-7.3.4.jar:7.3.4]
	at io.cucumber.junit.Cucumber$StartTestRun.evaluate(Cucumber.java:233) ~[cucumber-junit-7.3.4.jar:7.3.4]
	at io.cucumber.junit.Cucumber$FinishTestRun.evaluate(Cucumber.java:248) ~[cucumber-junit-7.3.4.jar:7.3.4]
	at org.junit.runners.ParentRunner$3.evaluate(ParentRunner.java:306) ~[junit-4.13.2.jar:4.13.2]
	at org.junit.runners.ParentRunner.run(ParentRunner.java:413) ~[junit-4.13.2.jar:4.13.2]
	at org.junit.runner.JUnitCore.run(JUnitCore.java:137) ~[junit-4.13.2.jar:4.13.2]
	at org.junit.runner.JUnitCore.run(JUnitCore.java:115) ~[junit-4.13.2.jar:4.13.2]
	at org.junit.vintage.engine.execution.RunnerExecutor.execute(RunnerExecutor.java:42) ~[junit-vintage-engine-5.8.2.jar:5.8.2]
	at org.junit.vintage.engine.VintageTestEngine.executeAllChildren(VintageTestEngine.java:80) ~[junit-vintage-engine-5.8.2.jar:5.8.2]
	at org.junit.vintage.engine.VintageTestEngine.execute(VintageTestEngine.java:72) ~[junit-vintage-engine-5.8.2.jar:5.8.2]
	at org.junit.platform.launcher.core.DefaultLauncher.execute(DefaultLauncher.java:220) ~[junit-platform-launcher-1.3.1.jar:1.3.1]
	at org.junit.platform.launcher.core.DefaultLauncher.lambda$execute$6(DefaultLauncher.java:188) ~[junit-platform-launcher-1.3.1.jar:1.3.1]
	at org.junit.platform.launcher.core.DefaultLauncher.withInterceptedStreams(DefaultLauncher.java:202) ~[junit-platform-launcher-1.3.1.jar:1.3.1]
	at org.junit.platform.launcher.core.DefaultLauncher.execute(DefaultLauncher.java:181) ~[junit-platform-launcher-1.3.1.jar:1.3.1]
	at org.junit.platform.launcher.core.DefaultLauncher.execute(DefaultLauncher.java:128) ~[junit-platform-launcher-1.3.1.jar:1.3.1]
	at org.apache.maven.surefire.junitplatform.JUnitPlatformProvider.invokeAllTests(JUnitPlatformProvider.java:150) ~[surefire-junit-platform-2.22.2.jar:2.22.2]
	at org.apache.maven.surefire.junitplatform.JUnitPlatformProvider.invoke(JUnitPlatformProvider.java:124) ~[surefire-junit-platform-2.22.2.jar:2.22.2]
	at org.apache.maven.surefire.booter.ForkedBooter.invokeProviderInSameClassLoader(ForkedBooter.java:384) ~[surefire-booter-2.22.2.jar:2.22.2]
	at org.apache.maven.surefire.booter.ForkedBooter.runSuitesInProcess(ForkedBooter.java:345) ~[surefire-booter-2.22.2.jar:2.22.2]
	at org.apache.maven.surefire.booter.ForkedBooter.execute(ForkedBooter.java:126) ~[surefire-booter-2.22.2.jar:2.22.2]
	at org.apache.maven.surefire.booter.ForkedBooter.main(ForkedBooter.java:418) ~[surefire-booter-2.22.2.jar:2.22.2]
Caused by: java.lang.UnsatisfiedLinkError: failed to load the required native library
	at io.netty.resolver.dns.macos.MacOSDnsServerAddressStreamProvider.ensureAvailability(MacOSDnsServerAddressStreamProvider.java:110) ~[netty-resolver-dns-classes-macos-4.1.77.Final.jar:4.1.77.Final]
	at io.netty.resolver.dns.macos.MacOSDnsServerAddressStreamProvider.<init>(MacOSDnsServerAddressStreamProvider.java:120) ~[netty-resolver-dns-classes-macos-4.1.77.Final.jar:4.1.77.Final]
	... 84 common frames omitted
Caused by: java.lang.UnsatisfiedLinkError: could not load a native library: netty_resolver_dns_native_macos_aarch_64
	at io.netty.util.internal.NativeLibraryLoader.load(NativeLibraryLoader.java:239) ~[netty-common-4.1.77.Final.jar:4.1.77.Final]
	at io.netty.resolver.dns.macos.MacOSDnsServerAddressStreamProvider.loadNativeLibrary(MacOSDnsServerAddressStreamProvider.java:92) ~[netty-resolver-dns-classes-macos-4.1.77.Final.jar:4.1.77.Final]
	at io.netty.resolver.dns.macos.MacOSDnsServerAddressStreamProvider.<clinit>(MacOSDnsServerAddressStreamProvider.java:77) ~[netty-resolver-dns-classes-macos-4.1.77.Final.jar:4.1.77.Final]
	at java.base/java.lang.Class.forName0(Native Method) ~[na:na]
	at java.base/java.lang.Class.forName(Class.java:467) ~[na:na]
	at io.netty.resolver.dns.DnsServerAddressStreamProviders$1.run(DnsServerAddressStreamProviders.java:50) ~[netty-resolver-dns-4.1.77.Final.jar:4.1.77.Final]
	at java.base/java.security.AccessController.doPrivileged(AccessController.java:318) ~[na:na]
	at io.netty.resolver.dns.DnsServerAddressStreamProviders.<clinit>(DnsServerAddressStreamProviders.java:46) ~[netty-resolver-dns-4.1.77.Final.jar:4.1.77.Final]
	... 78 common frames omitted
	Suppressed: java.lang.UnsatisfiedLinkError: could not load a native library: netty_resolver_dns_native_macos
		at io.netty.util.internal.NativeLibraryLoader.load(NativeLibraryLoader.java:239) ~[netty-common-4.1.77.Final.jar:4.1.77.Final]
		at io.netty.resolver.dns.macos.MacOSDnsServerAddressStreamProvider.loadNativeLibrary(MacOSDnsServerAddressStreamProvider.java:95) ~[netty-resolver-dns-classes-macos-4.1.77.Final.jar:4.1.77.Final]
		... 84 common frames omitted
	Caused by: java.io.FileNotFoundException: META-INF/native/libnetty_resolver_dns_native_macos.jnilib
		at io.netty.util.internal.NativeLibraryLoader.load(NativeLibraryLoader.java:181)
		... 85 common frames omitted
		Suppressed: java.lang.UnsatisfiedLinkError: no netty_resolver_dns_native_macos in java.library.path: /Users/daniel/Library/Java/Extensions:/Library/Java/Extensions:/Network/Library/Java/Extensions:/System/Library/Java/Extensions:/usr/lib/java:.
			at java.base/java.lang.ClassLoader.loadLibrary(ClassLoader.java:2429)
			at java.base/java.lang.Runtime.loadLibrary0(Runtime.java:818)
			at java.base/java.lang.System.loadLibrary(System.java:1989)
			at io.netty.util.internal.NativeLibraryUtil.loadLibrary(NativeLibraryUtil.java:38)
			at io.netty.util.internal.NativeLibraryLoader.loadLibrary(NativeLibraryLoader.java:391)
			at io.netty.util.internal.NativeLibraryLoader.load(NativeLibraryLoader.java:161)
			... 85 common frames omitted
			Suppressed: java.lang.UnsatisfiedLinkError: no netty_resolver_dns_native_macos in java.library.path: /Users/daniel/Library/Java/Extensions:/Library/Java/Extensions:/Network/Library/Java/Extensions:/System/Library/Java/Extensions:/usr/lib/java:.
				at java.base/java.lang.ClassLoader.loadLibrary(ClassLoader.java:2429)
				at java.base/java.lang.Runtime.loadLibrary0(Runtime.java:818)
				at java.base/java.lang.System.loadLibrary(System.java:1989)
				at io.netty.util.internal.NativeLibraryUtil.loadLibrary(NativeLibraryUtil.java:38)
				at java.base/jdk.internal.reflect.NativeMethodAccessorImpl.invoke0(Native Method)
				at java.base/jdk.internal.reflect.NativeMethodAccessorImpl.invoke(NativeMethodAccessorImpl.java:77)
				at java.base/jdk.internal.reflect.DelegatingMethodAccessorImpl.invoke(DelegatingMethodAccessorImpl.java:43)
				at java.base/java.lang.reflect.Method.invoke(Method.java:568)
				at io.netty.util.internal.NativeLibraryLoader$1.run(NativeLibraryLoader.java:425)
				at java.base/java.security.AccessController.doPrivileged(AccessController.java:318)
				at io.netty.util.internal.NativeLibraryLoader.loadLibraryByHelper(NativeLibraryLoader.java:417)
				at io.netty.util.internal.NativeLibraryLoader.loadLibrary(NativeLibraryLoader.java:383)
				... 86 common frames omitted
Caused by: java.io.FileNotFoundException: META-INF/native/libnetty_resolver_dns_native_macos_aarch_64.jnilib
	at io.netty.util.internal.NativeLibraryLoader.load(NativeLibraryLoader.java:181) ~[netty-common-4.1.77.Final.jar:4.1.77.Final]
	... 85 common frames omitted
	Suppressed: java.lang.UnsatisfiedLinkError: no netty_resolver_dns_native_macos_aarch_64 in java.library.path: /Users/daniel/Library/Java/Extensions:/Library/Java/Extensions:/Network/Library/Java/Extensions:/System/Library/Java/Extensions:/usr/lib/java:.
		at java.base/java.lang.ClassLoader.loadLibrary(ClassLoader.java:2429) ~[na:na]
		at java.base/java.lang.Runtime.loadLibrary0(Runtime.java:818) ~[na:na]
		at java.base/java.lang.System.loadLibrary(System.java:1989) ~[na:na]
		at io.netty.util.internal.NativeLibraryUtil.loadLibrary(NativeLibraryUtil.java:38) ~[netty-common-4.1.77.Final.jar:4.1.77.Final]
		at io.netty.util.internal.NativeLibraryLoader.loadLibrary(NativeLibraryLoader.java:391) ~[netty-common-4.1.77.Final.jar:4.1.77.Final]
		at io.netty.util.internal.NativeLibraryLoader.load(NativeLibraryLoader.java:161) ~[netty-common-4.1.77.Final.jar:4.1.77.Final]
		... 85 common frames omitted
		Suppressed: java.lang.UnsatisfiedLinkError: no netty_resolver_dns_native_macos_aarch_64 in java.library.path: /Users/daniel/Library/Java/Extensions:/Library/Java/Extensions:/Network/Library/Java/Extensions:/System/Library/Java/Extensions:/usr/lib/java:.
			at java.base/java.lang.ClassLoader.loadLibrary(ClassLoader.java:2429)
			at java.base/java.lang.Runtime.loadLibrary0(Runtime.java:818)
			at java.base/java.lang.System.loadLibrary(System.java:1989)
			at io.netty.util.internal.NativeLibraryUtil.loadLibrary(NativeLibraryUtil.java:38)
			at java.base/jdk.internal.reflect.NativeMethodAccessorImpl.invoke0(Native Method)
			at java.base/jdk.internal.reflect.NativeMethodAccessorImpl.invoke(NativeMethodAccessorImpl.java:77)
			at java.base/jdk.internal.reflect.DelegatingMethodAccessorImpl.invoke(DelegatingMethodAccessorImpl.java:43)
			at java.base/java.lang.reflect.Method.invoke(Method.java:568)
			at io.netty.util.internal.NativeLibraryLoader$1.run(NativeLibraryLoader.java:425)
			at java.base/java.security.AccessController.doPrivileged(AccessController.java:318)
			at io.netty.util.internal.NativeLibraryLoader.loadLibraryByHelper(NativeLibraryLoader.java:417)
			at io.netty.util.internal.NativeLibraryLoader.loadLibrary(NativeLibraryLoader.java:383)
			... 86 common frames omitted

2023-04-18 19:53:46.485  INFO 4997 --- [           main] .b.t.c.SpringBootTestContextBootstrapper : Neither @ContextConfiguration nor @ContextHierarchy found for test class [com.dancodingbr.riskmanager.bdd.SpringContextCucumberConfiguration], using SpringBootContextLoader
2023-04-18 19:53:46.485  INFO 4997 --- [           main] o.s.t.c.support.AbstractContextLoader    : Could not detect default resource locations for test class [com.dancodingbr.riskmanager.bdd.SpringContextCucumberConfiguration]: no resource found for suffixes {-context.xml, Context.groovy}.
2023-04-18 19:53:46.485  INFO 4997 --- [           main] t.c.s.AnnotationConfigContextLoaderUtils : Could not detect default configuration classes for test class [com.dancodingbr.riskmanager.bdd.SpringContextCucumberConfiguration]: SpringContextCucumberConfiguration does not declare any static, non-private, non-final, nested classes annotated with @Configuration.
2023-04-18 19:53:46.485  INFO 4997 --- [           main] .b.t.c.SpringBootTestContextBootstrapper : Found @SpringBootConfiguration com.dancodingbr.riskmanager.RiskmanagerApplication for test class com.dancodingbr.riskmanager.bdd.SpringContextCucumberConfiguration
2023-04-18 19:53:46.486  INFO 4997 --- [           main] .b.t.c.SpringBootTestContextBootstrapper : Loaded default TestExecutionListener class names from location [META-INF/spring.factories]: [org.springframework.boot.test.mock.mockito.MockitoTestExecutionListener, org.springframework.boot.test.mock.mockito.ResetMocksTestExecutionListener, org.springframework.boot.test.autoconfigure.restdocs.RestDocsTestExecutionListener, org.springframework.boot.test.autoconfigure.web.client.MockRestServiceServerResetTestExecutionListener, org.springframework.boot.test.autoconfigure.web.servlet.MockMvcPrintOnlyOnFailureTestExecutionListener, org.springframework.boot.test.autoconfigure.web.servlet.WebDriverTestExecutionListener, org.springframework.boot.test.autoconfigure.webservices.client.MockWebServiceServerTestExecutionListener, org.springframework.test.context.web.ServletTestExecutionListener, org.springframework.test.context.support.DirtiesContextBeforeModesTestExecutionListener, org.springframework.test.context.event.ApplicationEventsTestExecutionListener, org.springframework.test.context.support.DependencyInjectionTestExecutionListener, org.springframework.test.context.support.DirtiesContextTestExecutionListener, org.springframework.test.context.transaction.TransactionalTestExecutionListener, org.springframework.test.context.jdbc.SqlScriptsTestExecutionListener, org.springframework.test.context.event.EventPublishingTestExecutionListener]
2023-04-18 19:53:46.486  INFO 4997 --- [           main] .b.t.c.SpringBootTestContextBootstrapper : Using TestExecutionListeners: [org.springframework.test.context.web.ServletTestExecutionListener@1a0b51e7, org.springframework.test.context.support.DirtiesContextBeforeModesTestExecutionListener@6f96d39f, org.springframework.test.context.event.ApplicationEventsTestExecutionListener@5f49c09d, org.springframework.boot.test.mock.mockito.MockitoTestExecutionListener@c197f46, org.springframework.boot.test.autoconfigure.SpringBootDependencyInjectionTestExecutionListener@4c5d934b, org.springframework.test.context.support.DirtiesContextTestExecutionListener@150eab74, org.springframework.test.context.transaction.TransactionalTestExecutionListener@4d2dc60, org.springframework.test.context.jdbc.SqlScriptsTestExecutionListener@43f670f3, org.springframework.test.context.event.EventPublishingTestExecutionListener@6311640d, org.springframework.boot.test.mock.mockito.ResetMocksTestExecutionListener@3a42610, org.springframework.boot.test.autoconfigure.restdocs.RestDocsTestExecutionListener@1107cbd8, org.springframework.boot.test.autoconfigure.web.client.MockRestServiceServerResetTestExecutionListener@610640e3, org.springframework.boot.test.autoconfigure.web.servlet.MockMvcPrintOnlyOnFailureTestExecutionListener@95f61c2, org.springframework.boot.test.autoconfigure.web.servlet.WebDriverTestExecutionListener@2be9425f, org.springframework.boot.test.autoconfigure.webservices.client.MockWebServiceServerTestExecutionListener@41f05f1]
2023-04-18 19:53:46.504  INFO 4997 --- [           main] .b.t.c.SpringBootTestContextBootstrapper : Neither @ContextConfiguration nor @ContextHierarchy found for test class [com.dancodingbr.riskmanager.bdd.SpringContextCucumberConfiguration], using SpringBootContextLoader
2023-04-18 19:53:46.504  INFO 4997 --- [           main] o.s.t.c.support.AbstractContextLoader    : Could not detect default resource locations for test class [com.dancodingbr.riskmanager.bdd.SpringContextCucumberConfiguration]: no resource found for suffixes {-context.xml, Context.groovy}.
2023-04-18 19:53:46.504  INFO 4997 --- [           main] t.c.s.AnnotationConfigContextLoaderUtils : Could not detect default configuration classes for test class [com.dancodingbr.riskmanager.bdd.SpringContextCucumberConfiguration]: SpringContextCucumberConfiguration does not declare any static, non-private, non-final, nested classes annotated with @Configuration.
2023-04-18 19:53:46.505  INFO 4997 --- [           main] .b.t.c.SpringBootTestContextBootstrapper : Found @SpringBootConfiguration com.dancodingbr.riskmanager.RiskmanagerApplication for test class com.dancodingbr.riskmanager.bdd.SpringContextCucumberConfiguration
2023-04-18 19:53:46.505  INFO 4997 --- [           main] .b.t.c.SpringBootTestContextBootstrapper : Loaded default TestExecutionListener class names from location [META-INF/spring.factories]: [org.springframework.boot.test.mock.mockito.MockitoTestExecutionListener, org.springframework.boot.test.mock.mockito.ResetMocksTestExecutionListener, org.springframework.boot.test.autoconfigure.restdocs.RestDocsTestExecutionListener, org.springframework.boot.test.autoconfigure.web.client.MockRestServiceServerResetTestExecutionListener, org.springframework.boot.test.autoconfigure.web.servlet.MockMvcPrintOnlyOnFailureTestExecutionListener, org.springframework.boot.test.autoconfigure.web.servlet.WebDriverTestExecutionListener, org.springframework.boot.test.autoconfigure.webservices.client.MockWebServiceServerTestExecutionListener, org.springframework.test.context.web.ServletTestExecutionListener, org.springframework.test.context.support.DirtiesContextBeforeModesTestExecutionListener, org.springframework.test.context.event.ApplicationEventsTestExecutionListener, org.springframework.test.context.support.DependencyInjectionTestExecutionListener, org.springframework.test.context.support.DirtiesContextTestExecutionListener, org.springframework.test.context.transaction.TransactionalTestExecutionListener, org.springframework.test.context.jdbc.SqlScriptsTestExecutionListener, org.springframework.test.context.event.EventPublishingTestExecutionListener]
2023-04-18 19:53:46.505  INFO 4997 --- [           main] .b.t.c.SpringBootTestContextBootstrapper : Using TestExecutionListeners: [org.springframework.test.context.web.ServletTestExecutionListener@233d40da, org.springframework.test.context.support.DirtiesContextBeforeModesTestExecutionListener@2f6bb6d8, org.springframework.test.context.event.ApplicationEventsTestExecutionListener@189f5ed8, org.springframework.boot.test.mock.mockito.MockitoTestExecutionListener@492c1b1b, org.springframework.boot.test.autoconfigure.SpringBootDependencyInjectionTestExecutionListener@5eb974, org.springframework.test.context.support.DirtiesContextTestExecutionListener@72f112d1, org.springframework.test.context.transaction.TransactionalTestExecutionListener@10faebc9, org.springframework.test.context.jdbc.SqlScriptsTestExecutionListener@3927de0e, org.springframework.test.context.event.EventPublishingTestExecutionListener@4c475547, org.springframework.boot.test.mock.mockito.ResetMocksTestExecutionListener@36dab184, org.springframework.boot.test.autoconfigure.restdocs.RestDocsTestExecutionListener@71b9b035, org.springframework.boot.test.autoconfigure.web.client.MockRestServiceServerResetTestExecutionListener@7669d7a2, org.springframework.boot.test.autoconfigure.web.servlet.MockMvcPrintOnlyOnFailureTestExecutionListener@724945, org.springframework.boot.test.autoconfigure.web.servlet.WebDriverTestExecutionListener@63c78e5e, org.springframework.boot.test.autoconfigure.webservices.client.MockWebServiceServerTestExecutionListener@5fc3b20b]
2023-04-18 19:53:46.532  INFO 4997 --- [           main] .b.t.c.SpringBootTestContextBootstrapper : Neither @ContextConfiguration nor @ContextHierarchy found for test class [com.dancodingbr.riskmanager.bdd.SpringContextCucumberConfiguration], using SpringBootContextLoader
2023-04-18 19:53:46.532  INFO 4997 --- [           main] o.s.t.c.support.AbstractContextLoader    : Could not detect default resource locations for test class [com.dancodingbr.riskmanager.bdd.SpringContextCucumberConfiguration]: no resource found for suffixes {-context.xml, Context.groovy}.
2023-04-18 19:53:46.532  INFO 4997 --- [           main] t.c.s.AnnotationConfigContextLoaderUtils : Could not detect default configuration classes for test class [com.dancodingbr.riskmanager.bdd.SpringContextCucumberConfiguration]: SpringContextCucumberConfiguration does not declare any static, non-private, non-final, nested classes annotated with @Configuration.
2023-04-18 19:53:46.533  INFO 4997 --- [           main] .b.t.c.SpringBootTestContextBootstrapper : Found @SpringBootConfiguration com.dancodingbr.riskmanager.RiskmanagerApplication for test class com.dancodingbr.riskmanager.bdd.SpringContextCucumberConfiguration
2023-04-18 19:53:46.533  INFO 4997 --- [           main] .b.t.c.SpringBootTestContextBootstrapper : Loaded default TestExecutionListener class names from location [META-INF/spring.factories]: [org.springframework.boot.test.mock.mockito.MockitoTestExecutionListener, org.springframework.boot.test.mock.mockito.ResetMocksTestExecutionListener, org.springframework.boot.test.autoconfigure.restdocs.RestDocsTestExecutionListener, org.springframework.boot.test.autoconfigure.web.client.MockRestServiceServerResetTestExecutionListener, org.springframework.boot.test.autoconfigure.web.servlet.MockMvcPrintOnlyOnFailureTestExecutionListener, org.springframework.boot.test.autoconfigure.web.servlet.WebDriverTestExecutionListener, org.springframework.boot.test.autoconfigure.webservices.client.MockWebServiceServerTestExecutionListener, org.springframework.test.context.web.ServletTestExecutionListener, org.springframework.test.context.support.DirtiesContextBeforeModesTestExecutionListener, org.springframework.test.context.event.ApplicationEventsTestExecutionListener, org.springframework.test.context.support.DependencyInjectionTestExecutionListener, org.springframework.test.context.support.DirtiesContextTestExecutionListener, org.springframework.test.context.transaction.TransactionalTestExecutionListener, org.springframework.test.context.jdbc.SqlScriptsTestExecutionListener, org.springframework.test.context.event.EventPublishingTestExecutionListener]
2023-04-18 19:53:46.533  INFO 4997 --- [           main] .b.t.c.SpringBootTestContextBootstrapper : Using TestExecutionListeners: [org.springframework.test.context.web.ServletTestExecutionListener@4a48fe63, org.springframework.test.context.support.DirtiesContextBeforeModesTestExecutionListener@7000df03, org.springframework.test.context.event.ApplicationEventsTestExecutionListener@6daeaff2, org.springframework.boot.test.mock.mockito.MockitoTestExecutionListener@59aa646e, org.springframework.boot.test.autoconfigure.SpringBootDependencyInjectionTestExecutionListener@541c32de, org.springframework.test.context.support.DirtiesContextTestExecutionListener@22120799, org.springframework.test.context.transaction.TransactionalTestExecutionListener@3adbfd16, org.springframework.test.context.jdbc.SqlScriptsTestExecutionListener@30587737, org.springframework.test.context.event.EventPublishingTestExecutionListener@5672920, org.springframework.boot.test.mock.mockito.ResetMocksTestExecutionListener@377bc8da, org.springframework.boot.test.autoconfigure.restdocs.RestDocsTestExecutionListener@522db06e, org.springframework.boot.test.autoconfigure.web.client.MockRestServiceServerResetTestExecutionListener@21bf94d3, org.springframework.boot.test.autoconfigure.web.servlet.MockMvcPrintOnlyOnFailureTestExecutionListener@1dad97ed, org.springframework.boot.test.autoconfigure.web.servlet.WebDriverTestExecutionListener@7479b19a, org.springframework.boot.test.autoconfigure.webservices.client.MockWebServiceServerTestExecutionListener@4be8c1bb]
2023-04-18 19:53:46.548  INFO 4997 --- [           main] .b.t.c.SpringBootTestContextBootstrapper : Neither @ContextConfiguration nor @ContextHierarchy found for test class [com.dancodingbr.riskmanager.bdd.SpringContextCucumberConfiguration], using SpringBootContextLoader
2023-04-18 19:53:46.548  INFO 4997 --- [           main] o.s.t.c.support.AbstractContextLoader    : Could not detect default resource locations for test class [com.dancodingbr.riskmanager.bdd.SpringContextCucumberConfiguration]: no resource found for suffixes {-context.xml, Context.groovy}.
2023-04-18 19:53:46.548  INFO 4997 --- [           main] t.c.s.AnnotationConfigContextLoaderUtils : Could not detect default configuration classes for test class [com.dancodingbr.riskmanager.bdd.SpringContextCucumberConfiguration]: SpringContextCucumberConfiguration does not declare any static, non-private, non-final, nested classes annotated with @Configuration.
2023-04-18 19:53:46.548  INFO 4997 --- [           main] .b.t.c.SpringBootTestContextBootstrapper : Found @SpringBootConfiguration com.dancodingbr.riskmanager.RiskmanagerApplication for test class com.dancodingbr.riskmanager.bdd.SpringContextCucumberConfiguration
2023-04-18 19:53:46.548  INFO 4997 --- [           main] .b.t.c.SpringBootTestContextBootstrapper : Loaded default TestExecutionListener class names from location [META-INF/spring.factories]: [org.springframework.boot.test.mock.mockito.MockitoTestExecutionListener, org.springframework.boot.test.mock.mockito.ResetMocksTestExecutionListener, org.springframework.boot.test.autoconfigure.restdocs.RestDocsTestExecutionListener, org.springframework.boot.test.autoconfigure.web.client.MockRestServiceServerResetTestExecutionListener, org.springframework.boot.test.autoconfigure.web.servlet.MockMvcPrintOnlyOnFailureTestExecutionListener, org.springframework.boot.test.autoconfigure.web.servlet.WebDriverTestExecutionListener, org.springframework.boot.test.autoconfigure.webservices.client.MockWebServiceServerTestExecutionListener, org.springframework.test.context.web.ServletTestExecutionListener, org.springframework.test.context.support.DirtiesContextBeforeModesTestExecutionListener, org.springframework.test.context.event.ApplicationEventsTestExecutionListener, org.springframework.test.context.support.DependencyInjectionTestExecutionListener, org.springframework.test.context.support.DirtiesContextTestExecutionListener, org.springframework.test.context.transaction.TransactionalTestExecutionListener, org.springframework.test.context.jdbc.SqlScriptsTestExecutionListener, org.springframework.test.context.event.EventPublishingTestExecutionListener]
2023-04-18 19:53:46.549  INFO 4997 --- [           main] .b.t.c.SpringBootTestContextBootstrapper : Using TestExecutionListeners: [org.springframework.test.context.web.ServletTestExecutionListener@5f97d43e, org.springframework.test.context.support.DirtiesContextBeforeModesTestExecutionListener@25c6a9de, org.springframework.test.context.event.ApplicationEventsTestExecutionListener@142422a4, org.springframework.boot.test.mock.mockito.MockitoTestExecutionListener@3c9cd930, org.springframework.boot.test.autoconfigure.SpringBootDependencyInjectionTestExecutionListener@5dcbdcb9, org.springframework.test.context.support.DirtiesContextTestExecutionListener@4dd31687, org.springframework.test.context.transaction.TransactionalTestExecutionListener@78d72c9b, org.springframework.test.context.jdbc.SqlScriptsTestExecutionListener@22d82fe8, org.springframework.test.context.event.EventPublishingTestExecutionListener@2175111e, org.springframework.boot.test.mock.mockito.ResetMocksTestExecutionListener@74c74c99, org.springframework.boot.test.autoconfigure.restdocs.RestDocsTestExecutionListener@35b5056e, org.springframework.boot.test.autoconfigure.web.client.MockRestServiceServerResetTestExecutionListener@56f1db5f, org.springframework.boot.test.autoconfigure.web.servlet.MockMvcPrintOnlyOnFailureTestExecutionListener@5f05cd7e, org.springframework.boot.test.autoconfigure.web.servlet.WebDriverTestExecutionListener@11e8e183, org.springframework.boot.test.autoconfigure.webservices.client.MockWebServiceServerTestExecutionListener@c6b08a5]

Scenario: Calculates a risk level of a problem                           [90m# src/test/resources/features/analyze_the_results_of_a_problem_solution.feature:16[0m
  [32mGiven [0m[32ma related [0m[32m[1m'1'[0m[32m,[0m[32m[1m'BAD GRADES ON MATH'[0m                               [90m# com.dancodingbr.riskmanager.bdd.stepdefinitions.AnalyzingResultsStepDefinitions.a_related(java.lang.String,java.lang.String)[0m
  [32mAnd [0m[32man [0m[32m[1m'1'[0m[32m,[0m[32m[1m'STUDY 8 HOURS PER WEEK ON NEXT SEMESTER'[0m[32m done[0m              [90m# com.dancodingbr.riskmanager.bdd.stepdefinitions.AnalyzingResultsStepDefinitions.an_done(java.lang.String,java.lang.String)[0m
  [32mAnd [0m[32ma [0m[32m[1m'RARE'[0m[32m occurrence of this mitigated problem[0m                      [90m# com.dancodingbr.riskmanager.bdd.stepdefinitions.AnalyzingResultsStepDefinitions.a_occurrence_of_this_mitigated_problem(java.lang.String)[0m
  [32mAnd [0m[32man [0m[32m[1m'HIGH'[0m[32m of this mitigated problem[0m                                [90m# com.dancodingbr.riskmanager.bdd.stepdefinitions.AnalyzingResultsStepDefinitions.an_impact_of_this_mitigated_problem(java.lang.String)[0m
  [32mWhen [0m[32mthe system calculates a risk level using a risk assessment matrix[0m [90m# com.dancodingbr.riskmanager.bdd.stepdefinitions.AnalyzingResultsStepDefinitions.the_system_calculates_a_risk_level_using_a_risk_assessment_matrix()[0m
  [32mThen [0m[32mthis results in the [0m[32m[1m'LOW'[0m[32m chance to occurs the problem again[0m      [90m# com.dancodingbr.riskmanager.bdd.stepdefinitions.AnalyzingResultsStepDefinitions.this_result_in_the_chance_to_occurs_the_problem_again(java.lang.String)[0m

Scenario: Calculates a risk level of a problem                           [90m# src/test/resources/features/analyze_the_results_of_a_problem_solution.feature:17[0m
  [32mGiven [0m[32ma related [0m[32m[1m'2'[0m[32m,[0m[32m[1m'BODY WEIGHT RAISING'[0m                              [90m# com.dancodingbr.riskmanager.bdd.stepdefinitions.AnalyzingResultsStepDefinitions.a_related(java.lang.String,java.lang.String)[0m
  [32mAnd [0m[32man [0m[32m[1m'2'[0m[32m,[0m[32m[1m'DECREASE 20% OF CALORIES CONSUMED PER DAY'[0m[32m done[0m            [90m# com.dancodingbr.riskmanager.bdd.stepdefinitions.AnalyzingResultsStepDefinitions.an_done(java.lang.String,java.lang.String)[0m
  [32mAnd [0m[32ma [0m[32m[1m'INFREQUENT'[0m[32m occurrence of this mitigated problem[0m                [90m# com.dancodingbr.riskmanager.bdd.stepdefinitions.AnalyzingResultsStepDefinitions.a_occurrence_of_this_mitigated_problem(java.lang.String)[0m
  [32mAnd [0m[32man [0m[32m[1m'MODERATE'[0m[32m of this mitigated problem[0m                            [90m# com.dancodingbr.riskmanager.bdd.stepdefinitions.AnalyzingResultsStepDefinitions.an_impact_of_this_mitigated_problem(java.lang.String)[0m
  [32mWhen [0m[32mthe system calculates a risk level using a risk assessment matrix[0m [90m# com.dancodingbr.riskmanager.bdd.stepdefinitions.AnalyzingResultsStepDefinitions.the_system_calculates_a_risk_level_using_a_risk_assessment_matrix()[0m
  [32mThen [0m[32mthis results in the [0m[32m[1m'LOW'[0m[32m chance to occurs the problem again[0m      [90m# com.dancodingbr.riskmanager.bdd.stepdefinitions.AnalyzingResultsStepDefinitions.this_result_in_the_chance_to_occurs_the_problem_again(java.lang.String)[0m

Scenario: Save an analyzed result                           [90m# src/test/resources/features/analyze_the_results_of_a_problem_solution.feature:30[0m
  [32mGiven [0m[32ma related [0m[32m[1m'1'[0m[32m,[0m[32m[1m'BAD GRADES ON MATH'[0m                  [90m# com.dancodingbr.riskmanager.bdd.stepdefinitions.AnalyzingResultsStepDefinitions.a_related(java.lang.String,java.lang.String)[0m
  [32mAnd [0m[32man [0m[32m[1m'1'[0m[32m,[0m[32m[1m'STUDY 8 HOURS PER WEEK ON NEXT SEMESTER'[0m[32m done[0m [90m# com.dancodingbr.riskmanager.bdd.stepdefinitions.AnalyzingResultsStepDefinitions.an_done(java.lang.String,java.lang.String)[0m
  [32mAnd [0m[32ma [0m[32m[1m'RARE'[0m[32m occurrence of this mitigated problem[0m         [90m# com.dancodingbr.riskmanager.bdd.stepdefinitions.AnalyzingResultsStepDefinitions.a_occurrence_of_this_mitigated_problem(java.lang.String)[0m
  [32mAnd [0m[32man [0m[32m[1m'HIGH'[0m[32m of this mitigated problem[0m                   [90m# com.dancodingbr.riskmanager.bdd.stepdefinitions.AnalyzingResultsStepDefinitions.an_impact_of_this_mitigated_problem(java.lang.String)[0m
  [32mAnd [0m[32ma [0m[32m[1m'LOW'[0m[32m risk calculated[0m                               [90m# com.dancodingbr.riskmanager.bdd.stepdefinitions.AnalyzingResultsStepDefinitions.a_risk_calculated(java.lang.String)[0m
  [32mWhen [0m[32mthe user saves this analyzed result[0m                  [90m# com.dancodingbr.riskmanager.bdd.stepdefinitions.AnalyzingResultsStepDefinitions.the_user_saves_the_analyzed_result()[0m
  [32mThen [0m[32mshows that operation was [0m[32m[1m'SUCCESS'[0m                   [90m# com.dancodingbr.riskmanager.bdd.stepdefinitions.AnalyzingResultsStepDefinitions.shows_that_operation_was(java.lang.String)[0m

Scenario: Save an analyzed result                             [90m# src/test/resources/features/analyze_the_results_of_a_problem_solution.feature:31[0m
  [32mGiven [0m[32ma related [0m[32m[1m'2'[0m[32m,[0m[32m[1m'BODY WEIGHT RAISING'[0m                   [90m# com.dancodingbr.riskmanager.bdd.stepdefinitions.AnalyzingResultsStepDefinitions.a_related(java.lang.String,java.lang.String)[0m
  [32mAnd [0m[32man [0m[32m[1m'2'[0m[32m,[0m[32m[1m'DECREASE 20% OF CALORIES CONSUMED PER DAY'[0m[32m done[0m [90m# com.dancodingbr.riskmanager.bdd.stepdefinitions.AnalyzingResultsStepDefinitions.an_done(java.lang.String,java.lang.String)[0m
  [32mAnd [0m[32ma [0m[32m[1m'INFREQUENT'[0m[32m occurrence of this mitigated problem[0m     [90m# com.dancodingbr.riskmanager.bdd.stepdefinitions.AnalyzingResultsStepDefinitions.a_occurrence_of_this_mitigated_problem(java.lang.String)[0m
  [32mAnd [0m[32man [0m[32m[1m'MODERATE'[0m[32m of this mitigated problem[0m                 [90m# com.dancodingbr.riskmanager.bdd.stepdefinitions.AnalyzingResultsStepDefinitions.an_impact_of_this_mitigated_problem(java.lang.String)[0m
  [32mAnd [0m[32ma [0m[32m[1m'LOW'[0m[32m risk calculated[0m                                 [90m# com.dancodingbr.riskmanager.bdd.stepdefinitions.AnalyzingResultsStepDefinitions.a_risk_calculated(java.lang.String)[0m
  [32mWhen [0m[32mthe user saves this analyzed result[0m                    [90m# com.dancodingbr.riskmanager.bdd.stepdefinitions.AnalyzingResultsStepDefinitions.the_user_saves_the_analyzed_result()[0m
  [32mThen [0m[32mshows that operation was [0m[32m[1m'SUCCESS'[0m                     [90m# com.dancodingbr.riskmanager.bdd.stepdefinitions.AnalyzingResultsStepDefinitions.shows_that_operation_was(java.lang.String)[0m

Scenario: List the analyzed results                        [90m# src/test/resources/features/analyze_the_results_of_a_problem_solution.feature:45[0m
  [32mGiven [0m[32ma related [0m[32m[1m'1'[0m[32m,[0m[32m[1m'BAD GRADES ON MATH'[0m                 [90m# com.dancodingbr.riskmanager.bdd.stepdefinitions.AnalyzingResultsStepDefinitions.a_related(java.lang.String,java.lang.String)[0m
  [32mAnd [0m[32mthe <analyzed_results> stored[0m                        [90m# com.dancodingbr.riskmanager.bdd.stepdefinitions.AnalyzingResultsStepDefinitions.the_analyzed_results_stored(io.cucumber.datatable.DataTable)[0m
    | problem                   | action_plan                                     | probability_level | impact_level | risk_level |
    | '1','BAD GRADES ON MATH'  | '1','STUDY 8 HOURS PER WEEK ON NEXT SEMESTER'   | 'RARE'            | 'HIGH'       | 'LOW'      |
    | '2','BODY WEIGHT RAISING' | '2','DECREASE 20% OF CALORIES CONSUMED PER DAY' | 'INFREQUENT'      | 'MODERATE'   | 'LOW'      |
  [32mWhen [0m[32mthe system gets the analyzed2023-04-18 19:53:46.600  INFO 4997 --- [           main] .b.t.c.SpringBootTestContextBootstrapper : Neither @ContextConfiguration nor @ContextHierarchy found for test class [com.dancodingbr.riskmanager.bdd.SpringContextCucumberConfiguration], using SpringBootContextLoader
2023-04-18 19:53:46.601  INFO 4997 --- [           main] o.s.t.c.support.AbstractContextLoader    : Could not detect default resource locations for test class [com.dancodingbr.riskmanager.bdd.SpringContextCucumberConfiguration]: no resource found for suffixes {-context.xml, Context.groovy}.
2023-04-18 19:53:46.601  INFO 4997 --- [           main] t.c.s.AnnotationConfigContextLoaderUtils : Could not detect default configuration classes for test class [com.dancodingbr.riskmanager.bdd.SpringContextCucumberConfiguration]: SpringContextCucumberConfiguration does not declare any static, non-private, non-final, nested classes annotated with @Configuration.
2023-04-18 19:53:46.602  INFO 4997 --- [           main] .b.t.c.SpringBootTestContextBootstrapper : Found @SpringBootConfiguration com.dancodingbr.riskmanager.RiskmanagerApplication for test class com.dancodingbr.riskmanager.bdd.SpringContextCucumberConfiguration
2023-04-18 19:53:46.602  INFO 4997 --- [           main] .b.t.c.SpringBootTestContextBootstrapper : Loaded default TestExecutionListener class names from location [META-INF/spring.factories]: [org.springframework.boot.test.mock.mockito.MockitoTestExecutionListener, org.springframework.boot.test.mock.mockito.ResetMocksTestExecutionListener, org.springframework.boot.test.autoconfigure.restdocs.RestDocsTestExecutionListener, org.springframework.boot.test.autoconfigure.web.client.MockRestServiceServerResetTestExecutionListener, org.springframework.boot.test.autoconfigure.web.servlet.MockMvcPrintOnlyOnFailureTestExecutionListener, org.springframework.boot.test.autoconfigure.web.servlet.WebDriverTestExecutionListener, org.springframework.boot.test.autoconfigure.webservices.client.MockWebServiceServerTestExecutionListener, org.springframework.test.context.web.ServletTestExecutionListener, org.springframework.test.context.support.DirtiesContextBeforeModesTestExecutionListener, org.springframework.test.context.event.ApplicationEventsTestExecutionListener, org.springframework.test.context.support.DependencyInjectionTestExecutionListener, org.springframework.test.context.support.DirtiesContextTestExecutionListener, org.springframework.test.context.transaction.TransactionalTestExecutionListener, org.springframework.test.context.jdbc.SqlScriptsTestExecutionListener, org.springframework.test.context.event.EventPublishingTestExecutionListener]
2023-04-18 19:53:46.604  INFO 4997 --- [           main] .b.t.c.SpringBootTestContextBootstrapper : Using TestExecutionListeners: [org.springframework.test.context.web.ServletTestExecutionListener@31881213, org.springframework.test.context.support.DirtiesContextBeforeModesTestExecutionListener@2162e4a, org.springframework.test.context.event.ApplicationEventsTestExecutionListener@595626b8, org.springframework.boot.test.mock.mockito.MockitoTestExecutionListener@1928930, org.springframework.boot.test.autoconfigure.SpringBootDependencyInjectionTestExecutionListener@707b0b9b, org.springframework.test.context.support.DirtiesContextTestExecutionListener@43ac1fa0, org.springframework.test.context.transaction.TransactionalTestExecutionListener@2ba7828b, org.springframework.test.context.jdbc.SqlScriptsTestExecutionListener@3e6945c6, org.springframework.test.context.event.EventPublishingTestExecutionListener@16e6a643, org.springframework.boot.test.mock.mockito.ResetMocksTestExecutionListener@3514ea20, org.springframework.boot.test.autoconfigure.restdocs.RestDocsTestExecutionListener@223095d3, org.springframework.boot.test.autoconfigure.web.client.MockRestServiceServerResetTestExecutionListener@5683a326, org.springframework.boot.test.autoconfigure.web.servlet.MockMvcPrintOnlyOnFailureTestExecutionListener@7574d30b, org.springframework.boot.test.autoconfigure.web.servlet.WebDriverTestExecutionListener@6723626f, org.springframework.boot.test.autoconfigure.webservices.client.MockWebServiceServerTestExecutionListener@411bed55]
2023-04-18 19:53:46.621  INFO 4997 --- [           main] .b.t.c.SpringBootTestContextBootstrapper : Neither @ContextConfiguration nor @ContextHierarchy found for test class [com.dancodingbr.riskmanager.bdd.SpringContextCucumberConfiguration], using SpringBootContextLoader
2023-04-18 19:53:46.621  INFO 4997 --- [           main] o.s.t.c.support.AbstractContextLoader    : Could not detect default resource locations for test class [com.dancodingbr.riskmanager.bdd.SpringContextCucumberConfiguration]: no resource found for suffixes {-context.xml, Context.groovy}.
2023-04-18 19:53:46.621  INFO 4997 --- [           main] t.c.s.AnnotationConfigContextLoaderUtils : Could not detect default configuration classes for test class [com.dancodingbr.riskmanager.bdd.SpringContextCucumberConfiguration]: SpringContextCucumberConfiguration does not declare any static, non-private, non-final, nested classes annotated with @Configuration.
2023-04-18 19:53:46.622  INFO 4997 --- [           main] .b.t.c.SpringBootTestContextBootstrapper : Found @SpringBootConfiguration com.dancodingbr.riskmanager.RiskmanagerApplication for test class com.dancodingbr.riskmanager.bdd.SpringContextCucumberConfiguration
2023-04-18 19:53:46.622  INFO 4997 --- [           main] .b.t.c.SpringBootTestContextBootstrapper : Loaded default TestExecutionListener class names from location [META-INF/spring.factories]: [org.springframework.boot.test.mock.mockito.MockitoTestExecutionListener, org.springframework.boot.test.mock.mockito.ResetMocksTestExecutionListener, org.springframework.boot.test.autoconfigure.restdocs.RestDocsTestExecutionListener, org.springframework.boot.test.autoconfigure.web.client.MockRestServiceServerResetTestExecutionListener, org.springframework.boot.test.autoconfigure.web.servlet.MockMvcPrintOnlyOnFailureTestExecutionListener, org.springframework.boot.test.autoconfigure.web.servlet.WebDriverTestExecutionListener, org.springframework.boot.test.autoconfigure.webservices.client.MockWebServiceServerTestExecutionListener, org.springframework.test.context.web.ServletTestExecutionListener, org.springframework.test.context.support.DirtiesContextBeforeModesTestExecutionListener, org.springframework.test.context.event.ApplicationEventsTestExecutionListener, org.springframework.test.context.support.DependencyInjectionTestExecutionListener, org.springframework.test.context.support.DirtiesContextTestExecutionListener, org.springframework.test.context.transaction.TransactionalTestExecutionListener, org.springframework.test.context.jdbc.SqlScriptsTestExecutionListener, org.springframework.test.context.event.EventPublishingTestExecutionListener]
2023-04-18 19:53:46.622  INFO 4997 --- [           main] .b.t.c.SpringBootTestContextBootstrapper : Using TestExecutionListeners: [org.springframework.test.context.web.ServletTestExecutionListener@4702faee, org.springframework.test.context.support.DirtiesContextBeforeModesTestExecutionListener@576d4810, org.springframework.test.context.event.ApplicationEventsTestExecutionListener@3609b8f2, org.springframework.boot.test.mock.mockito.MockitoTestExecutionListener@62dfe32e, org.springframework.boot.test.autoconfigure.SpringBootDependencyInjectionTestExecutionListener@32dab011, org.springframework.test.context.support.DirtiesContextTestExecutionListener@fca4392, org.springframework.test.context.transaction.TransactionalTestExecutionListener@747fb4b1, org.springframework.test.context.jdbc.SqlScriptsTestExecutionListener@6924ff83, org.springframework.test.context.event.EventPublishingTestExecutionListener@e19908e, org.springframework.boot.test.mock.mockito.ResetMocksTestExecutionListener@5312940c, org.springframework.boot.test.autoconfigure.restdocs.RestDocsTestExecutionListener@5ac168e3, org.springframework.boot.test.autoconfigure.web.client.MockRestServiceServerResetTestExecutionListener@14574cdf, org.springframework.boot.test.autoconfigure.web.servlet.MockMvcPrintOnlyOnFailureTestExecutionListener@5608233b, org.springframework.boot.test.autoconfigure.web.servlet.WebDriverTestExecutionListener@11fd6f02, org.springframework.boot.test.autoconfigure.webservices.client.MockWebServiceServerTestExecutionListener@40aa9bae]
2023-04-18 19:53:46.749  INFO 4997 --- [           main] .b.t.c.SpringBootTestContextBootstrapper : Neither @ContextConfiguration nor @ContextHierarchy found for test class [com.dancodingbr.riskmanager.bdd.SpringContextCucumberConfiguration], using SpringBootContextLoader
2023-04-18 19:53:46.750  INFO 4997 --- [           main] o.s.t.c.support.AbstractContextLoader    : Could not detect default resource locations for test class [com.dancodingbr.riskmanager.bdd.SpringContextCucumberConfiguration]: no resource found for suffixes {-context.xml, Context.groovy}.
2023-04-18 19:53:46.750  INFO 4997 --- [           main] t.c.s.AnnotationConfigContextLoaderUtils : Could not detect default configuration classes for test class [com.dancodingbr.riskmanager.bdd.SpringContextCucumberConfiguration]: SpringContextCucumberConfiguration does not declare any static, non-private, non-final, nested classes annotated with @Configuration.
2023-04-18 19:53:46.750  INFO 4997 --- [           main] .b.t.c.SpringBootTestContextBootstrapper : Found @SpringBootConfiguration com.dancodingbr.riskmanager.RiskmanagerApplication for test class com.dancodingbr.riskmanager.bdd.SpringContextCucumberConfiguration
2023-04-18 19:53:46.750  INFO 4997 --- [           main] .b.t.c.SpringBootTestContextBootstrapper : Loaded default TestExecutionListener class names from location [META-INF/spring.factories]: [org.springframework.boot.test.mock.mockito.MockitoTestExecutionListener, org.springframework.boot.test.mock.mockito.ResetMocksTestExecutionListener, org.springframework.boot.test.autoconfigure.restdocs.RestDocsTestExecutionListener, org.springframework.boot.test.autoconfigure.web.client.MockRestServiceServerResetTestExecutionListener, org.springframework.boot.test.autoconfigure.web.servlet.MockMvcPrintOnlyOnFailureTestExecutionListener, org.springframework.boot.test.autoconfigure.web.servlet.WebDriverTestExecutionListener, org.springframework.boot.test.autoconfigure.webservices.client.MockWebServiceServerTestExecutionListener, org.springframework.test.context.web.ServletTestExecutionListener, org.springframework.test.context.support.DirtiesContextBeforeModesTestExecutionListener, org.springframework.test.context.event.ApplicationEventsTestExecutionListener, org.springframework.test.context.support.DependencyInjectionTestExecutionListener, org.springframework.test.context.support.DirtiesContextTestExecutionListener, org.springframework.test.context.transaction.TransactionalTestExecutionListener, org.springframework.test.context.jdbc.SqlScriptsTestExecutionListener, org.springframework.test.context.event.EventPublishingTestExecutionListener]
2023-04-18 19:53:46.750  INFO 4997 --- [           main] .b.t.c.SpringBootTestContextBootstrapper : Using TestExecutionListeners: [org.springframework.test.context.web.ServletTestExecutionListener@ab2d814, org.springframework.test.context.support.DirtiesContextBeforeModesTestExecutionListener@1a48e48e, org.springframework.test.context.event.ApplicationEventsTestExecutionListener@6c30efc4, org.springframework.boot.test.mock.mockito.MockitoTestExecutionListener@10847aeb, org.springframework.boot.test.autoconfigure.SpringBootDependencyInjectionTestExecutionListener@cea6297, org.springframework.test.context.support.DirtiesContextTestExecutionListener@51db8b10, org.springframework.test.context.transaction.TransactionalTestExecutionListener@3afe1020, org.springframework.test.context.jdbc.SqlScriptsTestExecutionListener@91e76b6, org.springframework.test.context.event.EventPublishingTestExecutionListener@563f53d8, org.springframework.boot.test.mock.mockito.ResetMocksTestExecutionListener@5bb1c104, org.springframework.boot.test.autoconfigure.restdocs.RestDocsTestExecutionListener@1184b542, org.springframework.boot.test.autoconfigure.web.client.MockRestServiceServerResetTestExecutionListener@6bd5ca02, org.springframework.boot.test.autoconfigure.web.servlet.MockMvcPrintOnlyOnFailureTestExecutionListener@4758f533, org.springframework.boot.test.autoconfigure.web.servlet.WebDriverTestExecutionListener@12b4a53d, org.springframework.boot.test.autoconfigure.webservices.client.MockWebServiceServerTestExecutionListener@262e2c8c]
 results associated[0m     [90m# com.dancodingbr.riskmanager.bdd.stepdefinitions.AnalyzingResultsStepDefinitions.the_system_gets_the_analyzed_results_associated()[0m
  [32mThen [0m[32mshows [0m[32m[1m'1'[0m[32m,[0m[32m[1m'STUDY 8 HOURS PER WEEK ON NEXT SEMESTER'[0m [90m# com.dancodingbr.riskmanager.bdd.stepdefinitions.AnalyzingResultsStepDefinitions.shows(java.lang.String,java.lang.String)[0m
  [32mAnd [0m[32m[0m[32m[1m'LOW'[0m[32m of each analyzed result[0m                        [90m# com.dancodingbr.riskmanager.bdd.stepdefinitions.AnalyzingResultsStepDefinitions.of_each_analyzed_result(java.lang.String)[0m

Scenario: List the analyzed results                          [90m# src/test/resources/features/analyze_the_results_of_a_problem_solution.feature:46[0m
  [32mGiven [0m[32ma related [0m[32m[1m'2'[0m[32m,[0m[32m[1m'BODY WEIGHT RAISING'[0m                  [90m# com.dancodingbr.riskmanager.bdd.stepdefinitions.AnalyzingResultsStepDefinitions.a_related(java.lang.String,java.lang.String)[0m
  [32mAnd [0m[32mthe <analyzed_results> stored[0m                          [90m# com.dancodingbr.riskmanager.bdd.stepdefinitions.AnalyzingResultsStepDefinitions.the_analyzed_results_stored(io.cucumber.datatable.DataTable)[0m
    | problem                   | action_plan                                     | probability_level | impact_level | risk_level |
    | '1','BAD GRADES ON MATH'  | '1','STUDY 8 HOURS PER WEEK ON NEXT SEMESTER'   | 'RARE'            | 'HIGH'       | 'LOW'      |
    | '2','BODY WEIGHT RAISING' | '2','DECREASE 20% OF CALORIES CONSUMED PER DAY' | 'INFREQUENT'      | 'MODERATE'   | 'LOW'      |
  [32mWhen [0m[32mthe system gets the analyzed results associated[0m       [90m# com.dancodingbr.riskmanager.bdd.stepdefinitions.AnalyzingResultsStepDefinitions.the_system_gets_the_analyzed_results_associated()[0m
  [32mThen [0m[32mshows [0m[32m[1m'2'[0m[32m,[0m[32m[1m'DECREASE 20% OF CALORIES CONSUMED PER DAY'[0m [90m# com.dancodingbr.riskmanager.bdd.stepdefinitions.AnalyzingResultsStepDefinitions.shows(java.lang.String,java.lang.String)[0m
  [32mAnd [0m[32m[0m[32m[1m'LOW'[0m[32m of each analyzed result[0m                          [90m# com.dancodingbr.riskmanager.bdd.stepdefinitions.AnalyzingResultsStepDefinitions.of_each_analyzed_result(java.lang.String)[0m

Scenario: Client app makes a GET call [90m# src/test/resources/features/hello.feature:10[0m
  [32mGiven [0m[32ma [0m[32m[1m'/hello'[0m                    [90m# com.dancodingbr.riskmanager.bdd.stepdefinitions.HelloStepDefinitions.a(java.lang.String)[0m
  [32mWhen [0m[32mclient calls it[0m                [90m# com.dancodingbr.riskmanager.bdd.stepdefinitions.HelloStepDefinitions.client_calls_it()[0m
  [32mThen [0m[32mit receives a [0m[32m[1m'hello world'[0m    [90m# com.dancodingbr.riskmanager.bdd.stepdefinitions.HelloStepDefinitions.it_receives_a(java.lang.String)[0m

Scenario: List all problems            [90m# src/test/resources/features/register_a_problem.feature:6[0m
  [32mGiven [0m[32ma problems saved by the user[0m   [90m# com.dancodingbr.riskmanager.bdd.stepdefinitions.ProblemRegistersStepDefinitions.a_problems_saved_by_the_user(io.cucumber.datatable.DataTable)[0m
    | id | description         |
    | 1  | BAD GRADES ON MATH  |
    | 2  | BODY WEIGHT RAISING |
  [32mWhen [0m[32mthe system gets all problems[0m    [90m# com.dancodingbr.riskmanager.bdd.stepdefinitions.ProblemRegistersStepDefinitions.the_system_gets_all_problems()[0m
  [32mThen [0m[32mshows these problems registered[0m [90m# com.dancodingbr.riskmanager.bdd.stepdefinitions.ProblemRegistersStepDefinitions.shows_these_problems_registered()[0m
[32m[1m┌───────────────────────────────────────────────────────────────────────────────────┐[0m
[32m[1m│[0m Share your Cucumber Report with your team at [36m[1m[4mhttps://reports.cucumber.io[0m          [32m[1m│[0m
[32m[1m│[0m Activate publishing with one of the following:                                    [32m[1m│[0m
[32m[1m│[0m                                                                                   [32m[1m│[0m
[32m[1m│[0m src/test/resources/cucumber.properties:          [36mcucumber.publish.enabled[0m=[36mtrue[0m    [32m[1m│[0m
[32m[1m│[0m src/test/resources/junit-platform.properties:    [36mcucumber.publish.enabled[0m=[36mtrue[0m    [32m[1m│[0m
[32m[1m│[0m Environment variable:                            [36mCUCUMBER_PUBLISH_ENABLED[0m=[36mtrue[0m    [32m[1m│[0m
[32m[1m│[0m JUnit:                                           [36m@CucumberOptions[0m(publish = [36mtrue[0m) [32m[1m│[0m
[32m[1m│[0m                                                                                   [32m[1m│[0m
[32m[1m│[0m More information at [36mhttps://cucumber.io/docs/cucumber/environment-variables/[0m      [32m[1m│[0m
[32m[1m│[0m                                                                                   [32m[1m│[0m
[32m[1m│[0m Disable this message with one of the following:                                   [32m[1m│[0m
[32m[1m│[0m                                                                                   [32m[1m│[0m
[32m[1m│[0m src/test/resources/cucumber.properties:          [36mcucumber.publish.quiet[0m=[36mtrue[0m      [32m[1m│[0m
[32m[1m│[0m src/test/resources/junit-platform.properties:    [36mcucumber.publish.quiet[0m=[36mtrue[0m      [32m[1m│[0m
[32m[1m└───────────────────────────────────────────────────────────────────────────────────┘[0m
[INFO] Tests run: 8, Failures: 0, Errors: 0, Skipped: 0, Time elapsed: 0.698 s - in com.dancodingbr.riskmanager.bdd.RunCucumberTest
[INFO] Running com.dancodingbr.riskmanager.controllers.AnalyzingResultsControllerTest

  .   ____          _            __ _ _
 /\\ / ___'_ __ _ _(_)_ __  __ _ \ \ \ \
( ( )\___ | '_ | '_| | '_ \/ _` | \ \ \ \
 \\/  ___)| |_)| | | | | || (_| |  ) ) ) )
  '  |____| .__|_| |_|_| |_\__, | / / / /
 =========|_|==============|___/=/_/_/_/
 :: Spring Boot ::                (v2.7.0)

2023-04-18 19:53:46.780  INFO 4997 --- [           main] c.d.r.c.AnalyzingResultsControllerTest   : Starting AnalyzingResultsControllerTest using Java 17.0.3 on dancodingbr.local with PID 4997 (started by daniel in /Users/daniel/riskmanager/backend/riskmanager)
2023-04-18 19:53:46.780  INFO 4997 --- [           main] c.d.r.c.AnalyzingResultsControllerTest   : No active profile set, falling back to 1 default profile: "default"
2023-04-18 19:53:46.893  INFO 4997 --- [           main] o.s.b.t.m.w.SpringBootMockServletContext : Initializing Spring TestDispatcherServlet ''
2023-04-18 19:53:46.893  INFO 4997 --- [           main] o.s.t.web.servlet.TestDispatcherServlet  : Initializing Servlet ''
2023-04-18 19:53:46.893  INFO 4997 --- [           main] o.s.t.web.servlet.TestDispatcherServlet  : Completed initialization in 0 ms
2023-04-18 19:53:46.906  INFO 4997 --- [           main] c.d.r.c.AnalyzingResultsControllerTest   : Started AnalyzingResultsControllerTest in 0.133 seconds (JVM running for 8.838)
[INFO] Tests run: 4, Failures: 0, Errors: 0, Skipped: 0, Time elapsed: 0.177 s - in com.dancodingbr.riskmanager.controllers.AnalyzingResultsControllerTest
[INFO] Running com.dancodingbr.riskmanager.controllers.ProblemsControllerTest

  .   ____          _            __ _ _
 /\\ / ___'_ __ _ _(_)_ __  __ _ \ \ \ \
( ( )\___ | '_ | '_| | '_ \/ _` | \ \ \ \
 \\/  ___)| |_)| | | | | || (_| |  ) ) ) )
  '  |____| .__|_| |_|_| |_\__, | / / / /
 =========|_|==============|___/=/_/_/_/
 :: Spring Boot ::                (v2.7.0)

2023-04-18 19:53:46.959  INFO 4997 --- [           main] c.d.r.c.ProblemsControllerTest           : Starting ProblemsControllerTest using Java 17.0.3 on dancodingbr.local with PID 4997 (started by daniel in /Users/daniel/riskmanager/backend/riskmanager)
2023-04-18 19:53:46.960  INFO 4997 --- [           main] c.d.r.c.ProblemsControllerTest           : No active profile set, falling back to 1 default profile: "default"
2023-04-18 19:53:47.046  INFO 4997 --- [           main] o.s.b.t.m.w.SpringBootMockServletContext : Initializing Spring TestDispatcherServlet ''
2023-04-18 19:53:47.046  INFO 4997 --- [           main] o.s.t.web.servlet.TestDispatcherServlet  : Initializing Servlet ''
2023-04-18 19:53:47.046  INFO 4997 --- [           main] o.s.t.web.servlet.TestDispatcherServlet  : Completed initialization in 0 ms
2023-04-18 19:53:47.050  INFO 4997 --- [           main] c.d.r.c.ProblemsControllerTest           : Started ProblemsControllerTest in 0.097 seconds (JVM running for 8.982)
[INFO] Tests run: 2, Failures: 0, Errors: 0, Skipped: 0, Time elapsed: 0.104 s - in com.dancodingbr.riskmanager.controllers.ProblemsControllerTest
[INFO] Running com.dancodingbr.riskmanager.controllers.ActionPlansControllerTest

  .   ____          _            __ _ _
 /\\ / ___'_ __ _ _(_)_ __  __ _ \ \ \ \
( ( )\___ | '_ | '_| | '_ \/ _` | \ \ \ \
 \\/  ___)| |_)| | | | | || (_| |  ) ) ) )
  '  |____| .__|_| |_|_| |_\__, | / / / /
 =========|_|==============|___/=/_/_/_/
 :: Spring Boot ::                (v2.7.0)

2023-04-18 19:53:47.066  INFO 4997 --- [           main] c.d.r.c.ActionPlansControllerTest        : Starting ActionPlansControllerTest using Java 17.0.3 on dancodingbr.local with PID 4997 (started by daniel in /Users/daniel/riskmanager/backend/riskmanager)
2023-04-18 19:53:47.066  INFO 4997 --- [           main] c.d.r.c.ActionPlansControllerTest        : No active profile set, falling back to 1 default profile: "default"
2023-04-18 19:53:47.150  INFO 4997 --- [           main] o.s.b.t.m.w.SpringBootMockServletContext : Initializing Spring TestDispatcherServlet ''
2023-04-18 19:53:47.150  INFO 4997 --- [           main] o.s.t.web.servlet.TestDispatcherServlet  : Initializing Servlet ''
2023-04-18 19:53:47.150  INFO 4997 --- [           main] o.s.t.web.servlet.TestDispatcherServlet  : Completed initialization in 0 ms
2023-04-18 19:53:47.153  INFO 4997 --- [           main] c.d.r.c.ActionPlansControllerTest        : Started ActionPlansControllerTest in 0.094 seconds (JVM running for 9.085)
[INFO] Tests run: 2, Failures: 0, Errors: 0, Skipped: 0, Time elapsed: 0.1 s - in com.dancodingbr.riskmanager.controllers.ActionPlansControllerTest
2023-04-18 19:53:47.163  INFO 4997 --- [ionShutdownHook] j.LocalContainerEntityManagerFactoryBean : Closing JPA EntityManagerFactory for persistence unit 'default'
2023-04-18 19:53:47.164  INFO 4997 --- [ionShutdownHook] .SchemaDropperImpl$DelayedDropActionImpl : HHH000477: Starting delayed evictData of schema as part of SessionFactory shut-down'
Hibernate: drop table if exists action_plan CASCADE 
Hibernate: drop table if exists analyzed_result CASCADE 
Hibernate: drop table if exists problem CASCADE 
2023-04-18 19:53:49.256  INFO 4997 --- [ionShutdownHook] j.LocalContainerEntityManagerFactoryBean : Closing JPA EntityManagerFactory for persistence unit 'default'
2023-04-18 19:53:49.257  INFO 4997 --- [ionShutdownHook] .SchemaDropperImpl$DelayedDropActionImpl : HHH000477: Starting delayed evictData of schema as part of SessionFactory shut-down'
2023-04-18 19:53:49.261  INFO 4997 --- [ionShutdownHook] com.zaxxer.hikari.HikariDataSource       : HikariPool-1 - Shutdown initiated...
2023-04-18 19:53:49.264  INFO 4997 --- [ionShutdownHook] com.zaxxer.hikari.HikariDataSource       : HikariPool-1 - Shutdown completed.
[INFO] 
[INFO] Results:
[INFO] 
[INFO] Tests run: 56, Failures: 0, Errors: 0, Skipped: 0
[INFO] 
[INFO] 
[INFO] --- maven-jar-plugin:3.2.2:jar (default-jar) @ riskmanager ---
[INFO] Building jar: /Users/daniel/riskmanager/backend/riskmanager/target/riskmanager-0.0.1-SNAPSHOT.jar
[INFO] 
[INFO] --- spring-boot-maven-plugin:2.7.0:repackage (repackage) @ riskmanager ---
[INFO] Replacing main artifact with repackaged archive
[INFO] 
[INFO] --- spring-boot-maven-plugin:2.7.0:repackage (default) @ riskmanager ---
[INFO] Attaching repackaged archive /Users/daniel/riskmanager/backend/riskmanager/target/riskmanager-0.0.1-SNAPSHOT-spring-boot.jar with classifier spring-boot
[INFO] ------------------------------------------------------------------------
[INFO] BUILD SUCCESS
[INFO] ------------------------------------------------------------------------
[INFO] Total time:  13.586 s
[INFO] Finished at: 2023-04-18T19:53:49-03:00
[INFO] ------------------------------------------------------------------------
